2021-07-09 19:47:15,672 [main] DEBUG org.springframework.test.context.junit4.SpringJUnit4ClassRunner -<init> - SpringJUnit4ClassRunner constructor called with [class com.morrie.tutorials.jsds.user.service.UserPointServiceTest] (SpringJUnit4ClassRunner.java:139) 
2021-07-09 19:47:15,678 [main] DEBUG org.springframework.test.context.BootstrapUtils -createCacheAwareContextLoaderDelegate - Instantiating CacheAwareContextLoaderDelegate from class [org.springframework.test.context.cache.DefaultCacheAwareContextLoaderDelegate] (BootstrapUtils.java:96) 
2021-07-09 19:47:15,687 [main] DEBUG org.springframework.test.context.BootstrapUtils -createBootstrapContext - Instantiating BootstrapContext using constructor [public org.springframework.test.context.support.DefaultBootstrapContext(java.lang.Class,org.springframework.test.context.CacheAwareContextLoaderDelegate)] (BootstrapUtils.java:79) 
2021-07-09 19:47:15,723 [main] DEBUG org.springframework.test.context.BootstrapUtils -resolveTestContextBootstrapper - Instantiating TestContextBootstrapper for test class [com.morrie.tutorials.jsds.user.service.UserPointServiceTest] from class [org.springframework.boot.test.context.SpringBootTestContextBootstrapper] (BootstrapUtils.java:132) 
2021-07-09 19:47:15,743 [main] INFO  org.springframework.boot.test.context.SpringBootTestContextBootstrapper -buildDefaultMergedContextConfiguration - Neither @ContextConfiguration nor @ContextHierarchy found for test class [com.morrie.tutorials.jsds.user.service.UserPointServiceTest], using SpringBootContextLoader (AbstractTestContextBootstrapper.java:308) 
2021-07-09 19:47:15,749 [main] DEBUG org.springframework.test.context.support.AbstractContextLoader -generateDefaultLocations - Did not detect default resource location for test class [com.morrie.tutorials.jsds.user.service.UserPointServiceTest]: class path resource [com/morrie/tutorials/jsds/user/service/UserPointServiceTest-context.xml] does not exist (AbstractContextLoader.java:258) 
2021-07-09 19:47:15,751 [main] DEBUG org.springframework.test.context.support.AbstractContextLoader -generateDefaultLocations - Did not detect default resource location for test class [com.morrie.tutorials.jsds.user.service.UserPointServiceTest]: class path resource [com/morrie/tutorials/jsds/user/service/UserPointServiceTestContext.groovy] does not exist (AbstractContextLoader.java:258) 
2021-07-09 19:47:15,751 [main] INFO  org.springframework.test.context.support.AbstractContextLoader -generateDefaultLocations - Could not detect default resource locations for test class [com.morrie.tutorials.jsds.user.service.UserPointServiceTest]: no resource found for suffixes {-context.xml, Context.groovy}. (AbstractContextLoader.java:264) 
2021-07-09 19:47:15,753 [main] INFO  org.springframework.test.context.support.AnnotationConfigContextLoaderUtils -detectDefaultConfigurationClasses - Could not detect default configuration classes for test class [com.morrie.tutorials.jsds.user.service.UserPointServiceTest]: UserPointServiceTest does not declare any static, non-private, non-final, nested classes annotated with @Configuration. (AnnotationConfigContextLoaderUtils.java:83) 
2021-07-09 19:47:15,796 [main] DEBUG org.springframework.test.context.support.ActiveProfilesUtils -resolveActiveProfiles - Could not find an 'annotation declaring class' for annotation type [org.springframework.test.context.ActiveProfiles] and class [com.morrie.tutorials.jsds.user.service.UserPointServiceTest] (ActiveProfilesUtils.java:79) 
2021-07-09 19:47:15,880 [main] DEBUG org.springframework.context.annotation.ClassPathScanningCandidateComponentProvider -scanCandidateComponents - Identified candidate component class: file [/Users/morriekim/00.work/00.project/java-tutorials/java-spring-data/out/production/classes/com/morrie/tutorials/jsds/JavaSpringDataApplication.class] (ClassPathScanningCandidateComponentProvider.java:437) 
2021-07-09 19:47:15,882 [main] INFO  org.springframework.boot.test.context.SpringBootTestContextBootstrapper -getOrFindConfigurationClasses - Found @SpringBootConfiguration com.morrie.tutorials.jsds.JavaSpringDataApplication for test class com.morrie.tutorials.jsds.user.service.UserPointServiceTest (SpringBootTestContextBootstrapper.java:235) 
2021-07-09 19:47:16,030 [main] DEBUG org.springframework.boot.test.context.SpringBootTestContextBootstrapper -getTestExecutionListeners - @TestExecutionListeners is not present for class [com.morrie.tutorials.jsds.user.service.UserPointServiceTest]: using defaults. (AbstractTestContextBootstrapper.java:125) 
2021-07-09 19:47:16,032 [main] INFO  org.springframework.boot.test.context.SpringBootTestContextBootstrapper -getDefaultTestExecutionListenerClassNames - Loaded default TestExecutionListener class names from location [META-INF/spring.factories]: [org.springframework.boot.test.autoconfigure.restdocs.RestDocsTestExecutionListener, org.springframework.boot.test.autoconfigure.web.client.MockRestServiceServerResetTestExecutionListener, org.springframework.boot.test.autoconfigure.web.servlet.MockMvcPrintOnlyOnFailureTestExecutionListener, org.springframework.boot.test.autoconfigure.web.servlet.WebDriverTestExecutionListener, org.springframework.boot.test.mock.mockito.MockitoTestExecutionListener, org.springframework.boot.test.mock.mockito.ResetMocksTestExecutionListener, org.springframework.test.context.web.ServletTestExecutionListener, org.springframework.test.context.support.DirtiesContextBeforeModesTestExecutionListener, org.springframework.test.context.support.DependencyInjectionTestExecutionListener, org.springframework.test.context.support.DirtiesContextTestExecutionListener, org.springframework.test.context.transaction.TransactionalTestExecutionListener, org.springframework.test.context.jdbc.SqlScriptsTestExecutionListener, org.springframework.test.context.event.EventPublishingTestExecutionListener] (AbstractTestContextBootstrapper.java:248) 
2021-07-09 19:47:16,064 [main] INFO  org.springframework.boot.test.context.SpringBootTestContextBootstrapper -getTestExecutionListeners - Using TestExecutionListeners: [org.springframework.test.context.web.ServletTestExecutionListener@61f05988, org.springframework.test.context.support.DirtiesContextBeforeModesTestExecutionListener@7ca33c24, org.springframework.boot.test.mock.mockito.MockitoTestExecutionListener@fade1fc, org.springframework.boot.test.autoconfigure.SpringBootDependencyInjectionTestExecutionListener@67c2e933, org.springframework.test.context.support.DirtiesContextTestExecutionListener@41dd05a, org.springframework.test.context.transaction.TransactionalTestExecutionListener@613a8ee1, org.springframework.test.context.jdbc.SqlScriptsTestExecutionListener@178213b, org.springframework.test.context.event.EventPublishingTestExecutionListener@7103cb56, org.springframework.boot.test.autoconfigure.restdocs.RestDocsTestExecutionListener@1b765a2c, org.springframework.boot.test.autoconfigure.web.client.MockRestServiceServerResetTestExecutionListener@2e8e8225, org.springframework.boot.test.autoconfigure.web.servlet.MockMvcPrintOnlyOnFailureTestExecutionListener@6ebf0f36, org.springframework.boot.test.autoconfigure.web.servlet.WebDriverTestExecutionListener@18920cc, org.springframework.boot.test.mock.mockito.ResetMocksTestExecutionListener@2807bdeb] (AbstractTestContextBootstrapper.java:177) 
2021-07-09 19:47:16,069 [main] DEBUG org.springframework.test.annotation.ProfileValueUtils -retrieveProfileValueSource - Retrieved @ProfileValueSourceConfiguration [null] for test class [com.morrie.tutorials.jsds.user.service.UserPointServiceTest] (ProfileValueUtils.java:70) 
2021-07-09 19:47:16,071 [main] DEBUG org.springframework.test.annotation.ProfileValueUtils -retrieveProfileValueSource - Retrieved ProfileValueSource type [class org.springframework.test.annotation.SystemProfileValueSource] for class [com.morrie.tutorials.jsds.user.service.UserPointServiceTest] (ProfileValueUtils.java:83) 
2021-07-09 19:47:16,088 [main] DEBUG org.springframework.test.annotation.ProfileValueUtils -retrieveProfileValueSource - Retrieved @ProfileValueSourceConfiguration [null] for test class [com.morrie.tutorials.jsds.user.service.UserPointServiceTest] (ProfileValueUtils.java:70) 
2021-07-09 19:47:16,089 [main] DEBUG org.springframework.test.annotation.ProfileValueUtils -retrieveProfileValueSource - Retrieved ProfileValueSource type [class org.springframework.test.annotation.SystemProfileValueSource] for class [com.morrie.tutorials.jsds.user.service.UserPointServiceTest] (ProfileValueUtils.java:83) 
2021-07-09 19:47:16,091 [main] DEBUG org.springframework.test.annotation.ProfileValueUtils -retrieveProfileValueSource - Retrieved @ProfileValueSourceConfiguration [null] for test class [com.morrie.tutorials.jsds.user.service.UserPointServiceTest] (ProfileValueUtils.java:70) 
2021-07-09 19:47:16,092 [main] DEBUG org.springframework.test.annotation.ProfileValueUtils -retrieveProfileValueSource - Retrieved ProfileValueSource type [class org.springframework.test.annotation.SystemProfileValueSource] for class [com.morrie.tutorials.jsds.user.service.UserPointServiceTest] (ProfileValueUtils.java:83) 
2021-07-09 19:47:16,092 [main] DEBUG org.springframework.test.annotation.ProfileValueUtils -retrieveProfileValueSource - Retrieved @ProfileValueSourceConfiguration [null] for test class [com.morrie.tutorials.jsds.user.service.UserPointServiceTest] (ProfileValueUtils.java:70) 
2021-07-09 19:47:16,093 [main] DEBUG org.springframework.test.annotation.ProfileValueUtils -retrieveProfileValueSource - Retrieved ProfileValueSource type [class org.springframework.test.annotation.SystemProfileValueSource] for class [com.morrie.tutorials.jsds.user.service.UserPointServiceTest] (ProfileValueUtils.java:83) 
2021-07-09 19:47:16,096 [main] DEBUG org.springframework.test.context.support.AbstractDirtiesContextTestExecutionListener -beforeOrAfterTestClass - Before test class: context [DefaultTestContext@37efd131 testClass = UserPointServiceTest, testInstance = [null], testMethod = [null], testException = [null], mergedContextConfiguration = [WebMergedContextConfiguration@7e7b159b testClass = UserPointServiceTest, locations = '{}', classes = '{class com.morrie.tutorials.jsds.JavaSpringDataApplication}', contextInitializerClasses = '[]', activeProfiles = '{}', propertySourceLocations = '{}', propertySourceProperties = '{org.springframework.boot.test.context.SpringBootTestContextBootstrapper=true}', contextCustomizers = set[org.springframework.boot.test.autoconfigure.properties.PropertyMappingContextCustomizer@0, org.springframework.boot.test.autoconfigure.web.servlet.WebDriverContextCustomizerFactory$Customizer@7f2cfe3f, org.springframework.boot.test.context.filter.ExcludeFilterContextCustomizer@4b8729ff, org.springframework.boot.test.json.DuplicateJsonObjectContextCustomizerFactory$DuplicateJsonObjectContextCustomizer@383dc82c, org.springframework.boot.test.mock.mockito.MockitoContextCustomizer@0, org.springframework.boot.test.web.client.TestRestTemplateContextCustomizer@376a0d86], resourceBasePath = 'src/main/webapp', contextLoader = 'org.springframework.boot.test.context.SpringBootContextLoader', parent = [null]], attributes = map['org.springframework.test.context.web.ServletTestExecutionListener.activateListener' -> true]], class annotated with @DirtiesContext [false] with mode [null]. (AbstractDirtiesContextTestExecutionListener.java:142) 
2021-07-09 19:47:16,098 [main] DEBUG org.springframework.test.annotation.ProfileValueUtils -retrieveProfileValueSource - Retrieved @ProfileValueSourceConfiguration [null] for test class [com.morrie.tutorials.jsds.user.service.UserPointServiceTest] (ProfileValueUtils.java:70) 
2021-07-09 19:47:16,099 [main] DEBUG org.springframework.test.annotation.ProfileValueUtils -retrieveProfileValueSource - Retrieved ProfileValueSource type [class org.springframework.test.annotation.SystemProfileValueSource] for class [com.morrie.tutorials.jsds.user.service.UserPointServiceTest] (ProfileValueUtils.java:83) 
2021-07-09 19:47:16,131 [main] DEBUG org.springframework.test.context.support.TestPropertySourceUtils -addInlinedPropertiesToEnvironment - Adding inlined properties to environment: {spring.jmx.enabled=false, org.springframework.boot.test.context.SpringBootTestContextBootstrapper=true, server.port=-1} (TestPropertySourceUtils.java:240) 
2021-07-09 19:47:16,638 [main] INFO  com.morrie.tutorials.jsds.user.service.UserPointServiceTest -logStarting - Starting UserPointServiceTest on MorrieKimui-MacBookPro.local with PID 30729 (started by morriekim in /Users/morriekim/00.work/00.project/java-tutorials/java-spring-data) (StartupInfoLogger.java:55) 
2021-07-09 19:47:16,639 [main] DEBUG com.morrie.tutorials.jsds.user.service.UserPointServiceTest -logStarting - Running with Spring Boot v2.2.5.RELEASE, Spring v5.2.4.RELEASE (StartupInfoLogger.java:56) 
2021-07-09 19:47:16,639 [main] INFO  com.morrie.tutorials.jsds.user.service.UserPointServiceTest -logStartupProfileInfo - The following profiles are active: local (SpringApplication.java:655) 
2021-07-09 19:47:17,697 [main] INFO  org.springframework.data.repository.config.RepositoryConfigurationDelegate -multipleStoresDetected - Multiple Spring Data modules found, entering strict repository configuration mode! (RepositoryConfigurationDelegate.java:249) 
2021-07-09 19:47:17,698 [main] INFO  org.springframework.data.repository.config.RepositoryConfigurationDelegate -registerRepositoriesIn - Bootstrapping Spring Data Redis repositories in DEFAULT mode. (RepositoryConfigurationDelegate.java:127) 
2021-07-09 19:47:17,727 [main] INFO  org.springframework.data.repository.config.RepositoryConfigurationDelegate -registerRepositoriesIn - Finished Spring Data repository scanning in 11ms. Found 0 Redis repository interfaces. (RepositoryConfigurationDelegate.java:187) 
2021-07-09 19:47:18,128 [main] INFO  org.springframework.data.repository.config.RepositoryConfigurationDelegate -multipleStoresDetected - Multiple Spring Data modules found, entering strict repository configuration mode! (RepositoryConfigurationDelegate.java:249) 
2021-07-09 19:47:18,130 [main] INFO  org.springframework.data.repository.config.RepositoryConfigurationDelegate -registerRepositoriesIn - Bootstrapping Spring Data JPA repositories in DEFAULT mode. (RepositoryConfigurationDelegate.java:127) 
2021-07-09 19:47:18,184 [main] INFO  org.springframework.data.repository.config.RepositoryConfigurationExtensionSupport -isStrictRepositoryCandidate - Spring Data JPA - Could not safely identify store assignment for repository candidate interface com.morrie.tutorials.jsds.user.repository.UserPointRedisRepository. If you want this repository to be a JPA repository, consider annotating your entities with one of these annotations: javax.persistence.Entity, javax.persistence.MappedSuperclass (preferred), or consider extending one of the following types with your repository: org.springframework.data.jpa.repository.JpaRepository. (RepositoryConfigurationExtensionSupport.java:348) 
2021-07-09 19:47:18,185 [main] INFO  org.springframework.data.repository.config.RepositoryConfigurationDelegate -registerRepositoriesIn - Finished Spring Data repository scanning in 50ms. Found 0 JPA repository interfaces. (RepositoryConfigurationDelegate.java:187) 
2021-07-09 19:47:18,199 [main] INFO  org.springframework.data.repository.config.RepositoryConfigurationDelegate -multipleStoresDetected - Multiple Spring Data modules found, entering strict repository configuration mode! (RepositoryConfigurationDelegate.java:249) 
2021-07-09 19:47:18,199 [main] INFO  org.springframework.data.repository.config.RepositoryConfigurationDelegate -registerRepositoriesIn - Bootstrapping Spring Data Redis repositories in DEFAULT mode. (RepositoryConfigurationDelegate.java:127) 
2021-07-09 19:47:18,416 [main] INFO  org.springframework.data.repository.config.RepositoryConfigurationDelegate -registerRepositoriesIn - Finished Spring Data repository scanning in 216ms. Found 1 Redis repository interfaces. (RepositoryConfigurationDelegate.java:187) 
2021-07-09 19:47:19,294 [main] INFO  org.hibernate.jpa.internal.util.LogHelper -logPersistenceUnitInformation - HHH000204: Processing PersistenceUnitInfo [name: default] (LogHelper.java:31) 
2021-07-09 19:47:19,392 [main] INFO  org.hibernate.Version -logVersion - HHH000412: Hibernate ORM core version 5.4.12.Final (Version.java:44) 
2021-07-09 19:47:19,626 [main] INFO  org.hibernate.annotations.common.Version -<clinit> - HCANN000001: Hibernate Commons Annotations {5.1.0.Final} (JavaReflectionManager.java:49) 
2021-07-09 19:47:19,770 [main] INFO  com.zaxxer.hikari.HikariDataSource -getConnection - HikariPool-1 - Starting... (HikariDataSource.java:110) 
2021-07-09 19:47:20,006 [main] INFO  com.zaxxer.hikari.HikariDataSource -getConnection - HikariPool-1 - Start completed. (HikariDataSource.java:123) 
2021-07-09 19:47:20,032 [main] INFO  org.hibernate.dialect.Dialect -<init> - HHH000400: Using dialect: org.hibernate.dialect.H2Dialect (Dialect.java:172) 
2021-07-09 19:47:20,356 [main] INFO  org.hibernate.engine.transaction.jta.platform.internal.JtaPlatformInitiator -initiateService - HHH000490: Using JtaPlatform implementation: [org.hibernate.engine.transaction.jta.platform.internal.NoJtaPlatform] (JtaPlatformInitiator.java:52) 
2021-07-09 19:47:20,365 [main] INFO  org.springframework.orm.jpa.LocalContainerEntityManagerFactoryBean -buildNativeEntityManagerFactory - Initialized JPA EntityManagerFactory for persistence unit 'default' (AbstractEntityManagerFactoryBean.java:416) 
2021-07-09 19:47:20,866 [main] DEBUG io.netty.util.internal.logging.InternalLoggerFactory -newDefaultFactory - Using SLF4J as the default logging framework (InternalLoggerFactory.java:45) 
2021-07-09 19:47:20,867 [main] DEBUG io.netty.util.ResourceLeakDetector -<clinit> - -Dio.netty.leakDetection.level: simple (ResourceLeakDetector.java:130) 
2021-07-09 19:47:20,868 [main] DEBUG io.netty.util.ResourceLeakDetector -<clinit> - -Dio.netty.leakDetection.targetRecords: 4 (ResourceLeakDetector.java:131) 
2021-07-09 19:47:20,891 [main] DEBUG io.netty.util.internal.PlatformDependent -isOsx0 - Platform: MacOS (PlatformDependent.java:998) 
2021-07-09 19:47:20,893 [main] DEBUG io.netty.util.internal.PlatformDependent0 -explicitNoUnsafeCause0 - -Dio.netty.noUnsafe: false (PlatformDependent0.java:396) 
2021-07-09 19:47:20,893 [main] DEBUG io.netty.util.internal.PlatformDependent0 -javaVersion0 - Java version: 11 (PlatformDependent0.java:852) 
2021-07-09 19:47:20,895 [main] DEBUG io.netty.util.internal.PlatformDependent0 -<clinit> - sun.misc.Unsafe.theUnsafe: available (PlatformDependent0.java:121) 
2021-07-09 19:47:20,896 [main] DEBUG io.netty.util.internal.PlatformDependent0 -<clinit> - sun.misc.Unsafe.copyMemory: available (PlatformDependent0.java:145) 
2021-07-09 19:47:20,897 [main] DEBUG io.netty.util.internal.PlatformDependent0 -<clinit> - java.nio.Buffer.address: available (PlatformDependent0.java:183) 
2021-07-09 19:47:20,902 [main] DEBUG io.netty.util.internal.PlatformDependent0 -<clinit> - direct buffer constructor: unavailable (PlatformDependent0.java:253) 
java.lang.UnsupportedOperationException: Reflective setAccessible(true) disabled
	at io.netty.util.internal.ReflectionUtil.trySetAccessible(ReflectionUtil.java:31)
	at io.netty.util.internal.PlatformDependent0$4.run(PlatformDependent0.java:225)
	at java.base/java.security.AccessController.doPrivileged(Native Method)
	at io.netty.util.internal.PlatformDependent0.<clinit>(PlatformDependent0.java:219)
	at io.netty.util.internal.PlatformDependent.isAndroid(PlatformDependent.java:273)
	at io.netty.util.internal.PlatformDependent.<clinit>(PlatformDependent.java:92)
	at io.netty.buffer.PooledByteBufAllocator.<clinit>(PooledByteBufAllocator.java:111)
	at io.lettuce.core.AbstractRedisClient.<clinit>(AbstractRedisClient.java:69)
	at org.springframework.data.redis.connection.lettuce.LettuceConnectionFactory.lambda$createClient$7(LettuceConnectionFactory.java:1051)
	at java.base/java.util.Optional.orElseGet(Optional.java:369)
	at org.springframework.data.redis.connection.lettuce.LettuceConnectionFactory.createClient(LettuceConnectionFactory.java:1051)
	at org.springframework.data.redis.connection.lettuce.LettuceConnectionFactory.afterPropertiesSet(LettuceConnectionFactory.java:277)
	at org.springframework.beans.factory.support.AbstractAutowireCapableBeanFactory.invokeInitMethods(AbstractAutowireCapableBeanFactory.java:1855)
	at org.springframework.beans.factory.support.AbstractAutowireCapableBeanFactory.initializeBean(AbstractAutowireCapableBeanFactory.java:1792)
	at org.springframework.beans.factory.support.AbstractAutowireCapableBeanFactory.doCreateBean(AbstractAutowireCapableBeanFactory.java:595)
	at org.springframework.beans.factory.support.AbstractAutowireCapableBeanFactory.createBean(AbstractAutowireCapableBeanFactory.java:517)
	at org.springframework.beans.factory.support.AbstractBeanFactory.lambda$doGetBean$0(AbstractBeanFactory.java:323)
	at org.springframework.beans.factory.support.DefaultSingletonBeanRegistry.getSingleton(DefaultSingletonBeanRegistry.java:222)
	at org.springframework.beans.factory.support.AbstractBeanFactory.doGetBean(AbstractBeanFactory.java:321)
	at org.springframework.beans.factory.support.AbstractBeanFactory.getBean(AbstractBeanFactory.java:202)
	at org.springframework.beans.factory.config.DependencyDescriptor.resolveCandidate(DependencyDescriptor.java:276)
	at org.springframework.beans.factory.support.DefaultListableBeanFactory.doResolveDependency(DefaultListableBeanFactory.java:1287)
	at org.springframework.beans.factory.support.DefaultListableBeanFactory.resolveDependency(DefaultListableBeanFactory.java:1207)
	at org.springframework.beans.factory.support.ConstructorResolver.resolveAutowiredArgument(ConstructorResolver.java:885)
	at org.springframework.beans.factory.support.ConstructorResolver.createArgumentArray(ConstructorResolver.java:789)
	at org.springframework.beans.factory.support.ConstructorResolver.instantiateUsingFactoryMethod(ConstructorResolver.java:539)
	at org.springframework.beans.factory.support.AbstractAutowireCapableBeanFactory.instantiateUsingFactoryMethod(AbstractAutowireCapableBeanFactory.java:1338)
	at org.springframework.beans.factory.support.AbstractAutowireCapableBeanFactory.createBeanInstance(AbstractAutowireCapableBeanFactory.java:1177)
	at org.springframework.beans.factory.support.AbstractAutowireCapableBeanFactory.doCreateBean(AbstractAutowireCapableBeanFactory.java:557)
	at org.springframework.beans.factory.support.AbstractAutowireCapableBeanFactory.createBean(AbstractAutowireCapableBeanFactory.java:517)
	at org.springframework.beans.factory.support.AbstractBeanFactory.lambda$doGetBean$0(AbstractBeanFactory.java:323)
	at org.springframework.beans.factory.support.DefaultSingletonBeanRegistry.getSingleton(DefaultSingletonBeanRegistry.java:222)
	at org.springframework.beans.factory.support.AbstractBeanFactory.doGetBean(AbstractBeanFactory.java:321)
	at org.springframework.beans.factory.support.AbstractBeanFactory.getBean(AbstractBeanFactory.java:202)
	at org.springframework.beans.factory.support.BeanDefinitionValueResolver.resolveReference(BeanDefinitionValueResolver.java:330)
	at org.springframework.beans.factory.support.BeanDefinitionValueResolver.resolveValueIfNecessary(BeanDefinitionValueResolver.java:113)
	at org.springframework.beans.factory.support.ConstructorResolver.resolveConstructorArguments(ConstructorResolver.java:691)
	at org.springframework.beans.factory.support.ConstructorResolver.autowireConstructor(ConstructorResolver.java:196)
	at org.springframework.beans.factory.support.AbstractAutowireCapableBeanFactory.autowireConstructor(AbstractAutowireCapableBeanFactory.java:1358)
	at org.springframework.beans.factory.support.AbstractAutowireCapableBeanFactory.createBeanInstance(AbstractAutowireCapableBeanFactory.java:1204)
	at org.springframework.beans.factory.support.AbstractAutowireCapableBeanFactory.doCreateBean(AbstractAutowireCapableBeanFactory.java:557)
	at org.springframework.beans.factory.support.AbstractAutowireCapableBeanFactory.createBean(AbstractAutowireCapableBeanFactory.java:517)
	at org.springframework.beans.factory.support.AbstractBeanFactory.lambda$doGetBean$0(AbstractBeanFactory.java:323)
	at org.springframework.beans.factory.support.DefaultSingletonBeanRegistry.getSingleton(DefaultSingletonBeanRegistry.java:222)
	at org.springframework.beans.factory.support.AbstractBeanFactory.doGetBean(AbstractBeanFactory.java:321)
	at org.springframework.beans.factory.support.AbstractBeanFactory.getBean(AbstractBeanFactory.java:202)
	at org.springframework.beans.factory.support.BeanDefinitionValueResolver.resolveReference(BeanDefinitionValueResolver.java:330)
	at org.springframework.beans.factory.support.BeanDefinitionValueResolver.resolveValueIfNecessary(BeanDefinitionValueResolver.java:113)
	at org.springframework.beans.factory.support.ConstructorResolver.resolveConstructorArguments(ConstructorResolver.java:691)
	at org.springframework.beans.factory.support.ConstructorResolver.autowireConstructor(ConstructorResolver.java:196)
	at org.springframework.beans.factory.support.AbstractAutowireCapableBeanFactory.autowireConstructor(AbstractAutowireCapableBeanFactory.java:1358)
	at org.springframework.beans.factory.support.AbstractAutowireCapableBeanFactory.createBeanInstance(AbstractAutowireCapableBeanFactory.java:1204)
	at org.springframework.beans.factory.support.AbstractAutowireCapableBeanFactory.doCreateBean(AbstractAutowireCapableBeanFactory.java:557)
	at org.springframework.beans.factory.support.AbstractAutowireCapableBeanFactory.createBean(AbstractAutowireCapableBeanFactory.java:517)
	at org.springframework.beans.factory.support.AbstractBeanFactory.lambda$doGetBean$0(AbstractBeanFactory.java:323)
	at org.springframework.beans.factory.support.DefaultSingletonBeanRegistry.getSingleton(DefaultSingletonBeanRegistry.java:222)
	at org.springframework.beans.factory.support.AbstractBeanFactory.doGetBean(AbstractBeanFactory.java:321)
	at org.springframework.beans.factory.support.AbstractBeanFactory.getBean(AbstractBeanFactory.java:202)
	at org.springframework.beans.factory.support.BeanDefinitionValueResolver.resolveReference(BeanDefinitionValueResolver.java:330)
	at org.springframework.beans.factory.support.BeanDefinitionValueResolver.resolveValueIfNecessary(BeanDefinitionValueResolver.java:113)
	at org.springframework.beans.factory.support.AbstractAutowireCapableBeanFactory.applyPropertyValues(AbstractAutowireCapableBeanFactory.java:1699)
	at org.springframework.beans.factory.support.AbstractAutowireCapableBeanFactory.populateBean(AbstractAutowireCapableBeanFactory.java:1444)
	at org.springframework.beans.factory.support.AbstractAutowireCapableBeanFactory.doCreateBean(AbstractAutowireCapableBeanFactory.java:594)
	at org.springframework.beans.factory.support.AbstractAutowireCapableBeanFactory.createBean(AbstractAutowireCapableBeanFactory.java:517)
	at org.springframework.beans.factory.support.AbstractBeanFactory.lambda$doGetBean$0(AbstractBeanFactory.java:323)
	at org.springframework.beans.factory.support.DefaultSingletonBeanRegistry.getSingleton(DefaultSingletonBeanRegistry.java:222)
	at org.springframework.beans.factory.support.AbstractBeanFactory.doGetBean(AbstractBeanFactory.java:321)
	at org.springframework.beans.factory.support.AbstractBeanFactory.getBean(AbstractBeanFactory.java:202)
	at org.springframework.beans.factory.config.DependencyDescriptor.resolveCandidate(DependencyDescriptor.java:276)
	at org.springframework.beans.factory.support.DefaultListableBeanFactory.doResolveDependency(DefaultListableBeanFactory.java:1287)
	at org.springframework.beans.factory.support.DefaultListableBeanFactory.resolveDependency(DefaultListableBeanFactory.java:1207)
	at org.springframework.beans.factory.support.ConstructorResolver.resolveAutowiredArgument(ConstructorResolver.java:885)
	at org.springframework.beans.factory.support.ConstructorResolver.createArgumentArray(ConstructorResolver.java:789)
	at org.springframework.beans.factory.support.ConstructorResolver.autowireConstructor(ConstructorResolver.java:228)
	at org.springframework.beans.factory.support.AbstractAutowireCapableBeanFactory.autowireConstructor(AbstractAutowireCapableBeanFactory.java:1358)
	at org.springframework.beans.factory.support.AbstractAutowireCapableBeanFactory.createBeanInstance(AbstractAutowireCapableBeanFactory.java:1204)
	at org.springframework.beans.factory.support.AbstractAutowireCapableBeanFactory.doCreateBean(AbstractAutowireCapableBeanFactory.java:557)
	at org.springframework.beans.factory.support.AbstractAutowireCapableBeanFactory.createBean(AbstractAutowireCapableBeanFactory.java:517)
	at org.springframework.beans.factory.support.AbstractBeanFactory.lambda$doGetBean$0(AbstractBeanFactory.java:323)
	at org.springframework.beans.factory.support.DefaultSingletonBeanRegistry.getSingleton(DefaultSingletonBeanRegistry.java:222)
	at org.springframework.beans.factory.support.AbstractBeanFactory.doGetBean(AbstractBeanFactory.java:321)
	at org.springframework.beans.factory.support.AbstractBeanFactory.getBean(AbstractBeanFactory.java:202)
	at org.springframework.beans.factory.config.DependencyDescriptor.resolveCandidate(DependencyDescriptor.java:276)
	at org.springframework.beans.factory.support.DefaultListableBeanFactory.doResolveDependency(DefaultListableBeanFactory.java:1287)
	at org.springframework.beans.factory.support.DefaultListableBeanFactory.resolveDependency(DefaultListableBeanFactory.java:1207)
	at org.springframework.beans.factory.support.ConstructorResolver.resolveAutowiredArgument(ConstructorResolver.java:885)
	at org.springframework.beans.factory.support.ConstructorResolver.createArgumentArray(ConstructorResolver.java:789)
	at org.springframework.beans.factory.support.ConstructorResolver.autowireConstructor(ConstructorResolver.java:228)
	at org.springframework.beans.factory.support.AbstractAutowireCapableBeanFactory.autowireConstructor(AbstractAutowireCapableBeanFactory.java:1358)
	at org.springframework.beans.factory.support.AbstractAutowireCapableBeanFactory.createBeanInstance(AbstractAutowireCapableBeanFactory.java:1204)
	at org.springframework.beans.factory.support.AbstractAutowireCapableBeanFactory.doCreateBean(AbstractAutowireCapableBeanFactory.java:557)
	at org.springframework.beans.factory.support.AbstractAutowireCapableBeanFactory.createBean(AbstractAutowireCapableBeanFactory.java:517)
	at org.springframework.beans.factory.support.AbstractBeanFactory.lambda$doGetBean$0(AbstractBeanFactory.java:323)
	at org.springframework.beans.factory.support.DefaultSingletonBeanRegistry.getSingleton(DefaultSingletonBeanRegistry.java:222)
	at org.springframework.beans.factory.support.AbstractBeanFactory.doGetBean(AbstractBeanFactory.java:321)
	at org.springframework.beans.factory.support.AbstractBeanFactory.getBean(AbstractBeanFactory.java:202)
	at org.springframework.beans.factory.support.DefaultListableBeanFactory.preInstantiateSingletons(DefaultListableBeanFactory.java:879)
	at org.springframework.context.support.AbstractApplicationContext.finishBeanFactoryInitialization(AbstractApplicationContext.java:878)
	at org.springframework.context.support.AbstractApplicationContext.refresh(AbstractApplicationContext.java:550)
	at org.springframework.boot.SpringApplication.refresh(SpringApplication.java:747)
	at org.springframework.boot.SpringApplication.refreshContext(SpringApplication.java:397)
	at org.springframework.boot.SpringApplication.run(SpringApplication.java:315)
	at org.springframework.boot.test.context.SpringBootContextLoader.loadContext(SpringBootContextLoader.java:126)
	at org.springframework.test.context.cache.DefaultCacheAwareContextLoaderDelegate.loadContextInternal(DefaultCacheAwareContextLoaderDelegate.java:99)
	at org.springframework.test.context.cache.DefaultCacheAwareContextLoaderDelegate.loadContext(DefaultCacheAwareContextLoaderDelegate.java:124)
	at org.springframework.test.context.support.DefaultTestContext.getApplicationContext(DefaultTestContext.java:123)
	at org.springframework.test.context.web.ServletTestExecutionListener.setUpRequestContextIfNecessary(ServletTestExecutionListener.java:190)
	at org.springframework.test.context.web.ServletTestExecutionListener.prepareTestInstance(ServletTestExecutionListener.java:132)
	at org.springframework.test.context.TestContextManager.prepareTestInstance(TestContextManager.java:244)
	at org.springframework.test.context.junit4.SpringJUnit4ClassRunner.createTest(SpringJUnit4ClassRunner.java:227)
	at org.springframework.test.context.junit4.SpringJUnit4ClassRunner$1.runReflectiveCall(SpringJUnit4ClassRunner.java:289)
	at org.junit.internal.runners.model.ReflectiveCallable.run(ReflectiveCallable.java:12)
	at org.springframework.test.context.junit4.SpringJUnit4ClassRunner.methodBlock(SpringJUnit4ClassRunner.java:291)
	at org.springframework.test.context.junit4.SpringJUnit4ClassRunner.runChild(SpringJUnit4ClassRunner.java:246)
	at org.springframework.test.context.junit4.SpringJUnit4ClassRunner.runChild(SpringJUnit4ClassRunner.java:97)
	at org.junit.runners.ParentRunner$3.run(ParentRunner.java:290)
	at org.junit.runners.ParentRunner$1.schedule(ParentRunner.java:71)
	at org.junit.runners.ParentRunner.runChildren(ParentRunner.java:288)
	at org.junit.runners.ParentRunner.access$000(ParentRunner.java:58)
	at org.junit.runners.ParentRunner$2.evaluate(ParentRunner.java:268)
	at org.springframework.test.context.junit4.statements.RunBeforeTestClassCallbacks.evaluate(RunBeforeTestClassCallbacks.java:61)
	at org.springframework.test.context.junit4.statements.RunAfterTestClassCallbacks.evaluate(RunAfterTestClassCallbacks.java:70)
	at org.junit.runners.ParentRunner.run(ParentRunner.java:363)
	at org.springframework.test.context.junit4.SpringJUnit4ClassRunner.run(SpringJUnit4ClassRunner.java:190)
	at org.junit.runner.JUnitCore.run(JUnitCore.java:137)
	at com.intellij.junit4.JUnit4IdeaTestRunner.startRunnerWithArgs(JUnit4IdeaTestRunner.java:68)
	at com.intellij.rt.execution.junit.IdeaTestRunner$Repeater.startRunnerWithArgs(IdeaTestRunner.java:47)
	at com.intellij.rt.execution.junit.JUnitStarter.prepareStreamsAndStart(JUnitStarter.java:242)
	at com.intellij.rt.execution.junit.JUnitStarter.main(JUnitStarter.java:70)
2021-07-09 19:47:20,904 [main] DEBUG io.netty.util.internal.PlatformDependent0 -<clinit> - java.nio.Bits.unaligned: available, true (PlatformDependent0.java:314) 
2021-07-09 19:47:20,905 [main] DEBUG io.netty.util.internal.PlatformDependent0 -<clinit> - jdk.internal.misc.Unsafe.allocateUninitializedArray(int): unavailable (PlatformDependent0.java:373) 
java.lang.IllegalAccessException: class io.netty.util.internal.PlatformDependent0$6 cannot access class jdk.internal.misc.Unsafe (in module java.base) because module java.base does not export jdk.internal.misc to unnamed module @527740a2
	at java.base/jdk.internal.reflect.Reflection.newIllegalAccessException(Reflection.java:361)
	at java.base/java.lang.reflect.AccessibleObject.checkAccess(AccessibleObject.java:591)
	at java.base/java.lang.reflect.Method.invoke(Method.java:558)
	at io.netty.util.internal.PlatformDependent0$6.run(PlatformDependent0.java:335)
	at java.base/java.security.AccessController.doPrivileged(Native Method)
	at io.netty.util.internal.PlatformDependent0.<clinit>(PlatformDependent0.java:326)
	at io.netty.util.internal.PlatformDependent.isAndroid(PlatformDependent.java:273)
	at io.netty.util.internal.PlatformDependent.<clinit>(PlatformDependent.java:92)
	at io.netty.buffer.PooledByteBufAllocator.<clinit>(PooledByteBufAllocator.java:111)
	at io.lettuce.core.AbstractRedisClient.<clinit>(AbstractRedisClient.java:69)
	at org.springframework.data.redis.connection.lettuce.LettuceConnectionFactory.lambda$createClient$7(LettuceConnectionFactory.java:1051)
	at java.base/java.util.Optional.orElseGet(Optional.java:369)
	at org.springframework.data.redis.connection.lettuce.LettuceConnectionFactory.createClient(LettuceConnectionFactory.java:1051)
	at org.springframework.data.redis.connection.lettuce.LettuceConnectionFactory.afterPropertiesSet(LettuceConnectionFactory.java:277)
	at org.springframework.beans.factory.support.AbstractAutowireCapableBeanFactory.invokeInitMethods(AbstractAutowireCapableBeanFactory.java:1855)
	at org.springframework.beans.factory.support.AbstractAutowireCapableBeanFactory.initializeBean(AbstractAutowireCapableBeanFactory.java:1792)
	at org.springframework.beans.factory.support.AbstractAutowireCapableBeanFactory.doCreateBean(AbstractAutowireCapableBeanFactory.java:595)
	at org.springframework.beans.factory.support.AbstractAutowireCapableBeanFactory.createBean(AbstractAutowireCapableBeanFactory.java:517)
	at org.springframework.beans.factory.support.AbstractBeanFactory.lambda$doGetBean$0(AbstractBeanFactory.java:323)
	at org.springframework.beans.factory.support.DefaultSingletonBeanRegistry.getSingleton(DefaultSingletonBeanRegistry.java:222)
	at org.springframework.beans.factory.support.AbstractBeanFactory.doGetBean(AbstractBeanFactory.java:321)
	at org.springframework.beans.factory.support.AbstractBeanFactory.getBean(AbstractBeanFactory.java:202)
	at org.springframework.beans.factory.config.DependencyDescriptor.resolveCandidate(DependencyDescriptor.java:276)
	at org.springframework.beans.factory.support.DefaultListableBeanFactory.doResolveDependency(DefaultListableBeanFactory.java:1287)
	at org.springframework.beans.factory.support.DefaultListableBeanFactory.resolveDependency(DefaultListableBeanFactory.java:1207)
	at org.springframework.beans.factory.support.ConstructorResolver.resolveAutowiredArgument(ConstructorResolver.java:885)
	at org.springframework.beans.factory.support.ConstructorResolver.createArgumentArray(ConstructorResolver.java:789)
	at org.springframework.beans.factory.support.ConstructorResolver.instantiateUsingFactoryMethod(ConstructorResolver.java:539)
	at org.springframework.beans.factory.support.AbstractAutowireCapableBeanFactory.instantiateUsingFactoryMethod(AbstractAutowireCapableBeanFactory.java:1338)
	at org.springframework.beans.factory.support.AbstractAutowireCapableBeanFactory.createBeanInstance(AbstractAutowireCapableBeanFactory.java:1177)
	at org.springframework.beans.factory.support.AbstractAutowireCapableBeanFactory.doCreateBean(AbstractAutowireCapableBeanFactory.java:557)
	at org.springframework.beans.factory.support.AbstractAutowireCapableBeanFactory.createBean(AbstractAutowireCapableBeanFactory.java:517)
	at org.springframework.beans.factory.support.AbstractBeanFactory.lambda$doGetBean$0(AbstractBeanFactory.java:323)
	at org.springframework.beans.factory.support.DefaultSingletonBeanRegistry.getSingleton(DefaultSingletonBeanRegistry.java:222)
	at org.springframework.beans.factory.support.AbstractBeanFactory.doGetBean(AbstractBeanFactory.java:321)
	at org.springframework.beans.factory.support.AbstractBeanFactory.getBean(AbstractBeanFactory.java:202)
	at org.springframework.beans.factory.support.BeanDefinitionValueResolver.resolveReference(BeanDefinitionValueResolver.java:330)
	at org.springframework.beans.factory.support.BeanDefinitionValueResolver.resolveValueIfNecessary(BeanDefinitionValueResolver.java:113)
	at org.springframework.beans.factory.support.ConstructorResolver.resolveConstructorArguments(ConstructorResolver.java:691)
	at org.springframework.beans.factory.support.ConstructorResolver.autowireConstructor(ConstructorResolver.java:196)
	at org.springframework.beans.factory.support.AbstractAutowireCapableBeanFactory.autowireConstructor(AbstractAutowireCapableBeanFactory.java:1358)
	at org.springframework.beans.factory.support.AbstractAutowireCapableBeanFactory.createBeanInstance(AbstractAutowireCapableBeanFactory.java:1204)
	at org.springframework.beans.factory.support.AbstractAutowireCapableBeanFactory.doCreateBean(AbstractAutowireCapableBeanFactory.java:557)
	at org.springframework.beans.factory.support.AbstractAutowireCapableBeanFactory.createBean(AbstractAutowireCapableBeanFactory.java:517)
	at org.springframework.beans.factory.support.AbstractBeanFactory.lambda$doGetBean$0(AbstractBeanFactory.java:323)
	at org.springframework.beans.factory.support.DefaultSingletonBeanRegistry.getSingleton(DefaultSingletonBeanRegistry.java:222)
	at org.springframework.beans.factory.support.AbstractBeanFactory.doGetBean(AbstractBeanFactory.java:321)
	at org.springframework.beans.factory.support.AbstractBeanFactory.getBean(AbstractBeanFactory.java:202)
	at org.springframework.beans.factory.support.BeanDefinitionValueResolver.resolveReference(BeanDefinitionValueResolver.java:330)
	at org.springframework.beans.factory.support.BeanDefinitionValueResolver.resolveValueIfNecessary(BeanDefinitionValueResolver.java:113)
	at org.springframework.beans.factory.support.ConstructorResolver.resolveConstructorArguments(ConstructorResolver.java:691)
	at org.springframework.beans.factory.support.ConstructorResolver.autowireConstructor(ConstructorResolver.java:196)
	at org.springframework.beans.factory.support.AbstractAutowireCapableBeanFactory.autowireConstructor(AbstractAutowireCapableBeanFactory.java:1358)
	at org.springframework.beans.factory.support.AbstractAutowireCapableBeanFactory.createBeanInstance(AbstractAutowireCapableBeanFactory.java:1204)
	at org.springframework.beans.factory.support.AbstractAutowireCapableBeanFactory.doCreateBean(AbstractAutowireCapableBeanFactory.java:557)
	at org.springframework.beans.factory.support.AbstractAutowireCapableBeanFactory.createBean(AbstractAutowireCapableBeanFactory.java:517)
	at org.springframework.beans.factory.support.AbstractBeanFactory.lambda$doGetBean$0(AbstractBeanFactory.java:323)
	at org.springframework.beans.factory.support.DefaultSingletonBeanRegistry.getSingleton(DefaultSingletonBeanRegistry.java:222)
	at org.springframework.beans.factory.support.AbstractBeanFactory.doGetBean(AbstractBeanFactory.java:321)
	at org.springframework.beans.factory.support.AbstractBeanFactory.getBean(AbstractBeanFactory.java:202)
	at org.springframework.beans.factory.support.BeanDefinitionValueResolver.resolveReference(BeanDefinitionValueResolver.java:330)
	at org.springframework.beans.factory.support.BeanDefinitionValueResolver.resolveValueIfNecessary(BeanDefinitionValueResolver.java:113)
	at org.springframework.beans.factory.support.AbstractAutowireCapableBeanFactory.applyPropertyValues(AbstractAutowireCapableBeanFactory.java:1699)
	at org.springframework.beans.factory.support.AbstractAutowireCapableBeanFactory.populateBean(AbstractAutowireCapableBeanFactory.java:1444)
	at org.springframework.beans.factory.support.AbstractAutowireCapableBeanFactory.doCreateBean(AbstractAutowireCapableBeanFactory.java:594)
	at org.springframework.beans.factory.support.AbstractAutowireCapableBeanFactory.createBean(AbstractAutowireCapableBeanFactory.java:517)
	at org.springframework.beans.factory.support.AbstractBeanFactory.lambda$doGetBean$0(AbstractBeanFactory.java:323)
	at org.springframework.beans.factory.support.DefaultSingletonBeanRegistry.getSingleton(DefaultSingletonBeanRegistry.java:222)
	at org.springframework.beans.factory.support.AbstractBeanFactory.doGetBean(AbstractBeanFactory.java:321)
	at org.springframework.beans.factory.support.AbstractBeanFactory.getBean(AbstractBeanFactory.java:202)
	at org.springframework.beans.factory.config.DependencyDescriptor.resolveCandidate(DependencyDescriptor.java:276)
	at org.springframework.beans.factory.support.DefaultListableBeanFactory.doResolveDependency(DefaultListableBeanFactory.java:1287)
	at org.springframework.beans.factory.support.DefaultListableBeanFactory.resolveDependency(DefaultListableBeanFactory.java:1207)
	at org.springframework.beans.factory.support.ConstructorResolver.resolveAutowiredArgument(ConstructorResolver.java:885)
	at org.springframework.beans.factory.support.ConstructorResolver.createArgumentArray(ConstructorResolver.java:789)
	at org.springframework.beans.factory.support.ConstructorResolver.autowireConstructor(ConstructorResolver.java:228)
	at org.springframework.beans.factory.support.AbstractAutowireCapableBeanFactory.autowireConstructor(AbstractAutowireCapableBeanFactory.java:1358)
	at org.springframework.beans.factory.support.AbstractAutowireCapableBeanFactory.createBeanInstance(AbstractAutowireCapableBeanFactory.java:1204)
	at org.springframework.beans.factory.support.AbstractAutowireCapableBeanFactory.doCreateBean(AbstractAutowireCapableBeanFactory.java:557)
	at org.springframework.beans.factory.support.AbstractAutowireCapableBeanFactory.createBean(AbstractAutowireCapableBeanFactory.java:517)
	at org.springframework.beans.factory.support.AbstractBeanFactory.lambda$doGetBean$0(AbstractBeanFactory.java:323)
	at org.springframework.beans.factory.support.DefaultSingletonBeanRegistry.getSingleton(DefaultSingletonBeanRegistry.java:222)
	at org.springframework.beans.factory.support.AbstractBeanFactory.doGetBean(AbstractBeanFactory.java:321)
	at org.springframework.beans.factory.support.AbstractBeanFactory.getBean(AbstractBeanFactory.java:202)
	at org.springframework.beans.factory.config.DependencyDescriptor.resolveCandidate(DependencyDescriptor.java:276)
	at org.springframework.beans.factory.support.DefaultListableBeanFactory.doResolveDependency(DefaultListableBeanFactory.java:1287)
	at org.springframework.beans.factory.support.DefaultListableBeanFactory.resolveDependency(DefaultListableBeanFactory.java:1207)
	at org.springframework.beans.factory.support.ConstructorResolver.resolveAutowiredArgument(ConstructorResolver.java:885)
	at org.springframework.beans.factory.support.ConstructorResolver.createArgumentArray(ConstructorResolver.java:789)
	at org.springframework.beans.factory.support.ConstructorResolver.autowireConstructor(ConstructorResolver.java:228)
	at org.springframework.beans.factory.support.AbstractAutowireCapableBeanFactory.autowireConstructor(AbstractAutowireCapableBeanFactory.java:1358)
	at org.springframework.beans.factory.support.AbstractAutowireCapableBeanFactory.createBeanInstance(AbstractAutowireCapableBeanFactory.java:1204)
	at org.springframework.beans.factory.support.AbstractAutowireCapableBeanFactory.doCreateBean(AbstractAutowireCapableBeanFactory.java:557)
	at org.springframework.beans.factory.support.AbstractAutowireCapableBeanFactory.createBean(AbstractAutowireCapableBeanFactory.java:517)
	at org.springframework.beans.factory.support.AbstractBeanFactory.lambda$doGetBean$0(AbstractBeanFactory.java:323)
	at org.springframework.beans.factory.support.DefaultSingletonBeanRegistry.getSingleton(DefaultSingletonBeanRegistry.java:222)
	at org.springframework.beans.factory.support.AbstractBeanFactory.doGetBean(AbstractBeanFactory.java:321)
	at org.springframework.beans.factory.support.AbstractBeanFactory.getBean(AbstractBeanFactory.java:202)
	at org.springframework.beans.factory.support.DefaultListableBeanFactory.preInstantiateSingletons(DefaultListableBeanFactory.java:879)
	at org.springframework.context.support.AbstractApplicationContext.finishBeanFactoryInitialization(AbstractApplicationContext.java:878)
	at org.springframework.context.support.AbstractApplicationContext.refresh(AbstractApplicationContext.java:550)
	at org.springframework.boot.SpringApplication.refresh(SpringApplication.java:747)
	at org.springframework.boot.SpringApplication.refreshContext(SpringApplication.java:397)
	at org.springframework.boot.SpringApplication.run(SpringApplication.java:315)
	at org.springframework.boot.test.context.SpringBootContextLoader.loadContext(SpringBootContextLoader.java:126)
	at org.springframework.test.context.cache.DefaultCacheAwareContextLoaderDelegate.loadContextInternal(DefaultCacheAwareContextLoaderDelegate.java:99)
	at org.springframework.test.context.cache.DefaultCacheAwareContextLoaderDelegate.loadContext(DefaultCacheAwareContextLoaderDelegate.java:124)
	at org.springframework.test.context.support.DefaultTestContext.getApplicationContext(DefaultTestContext.java:123)
	at org.springframework.test.context.web.ServletTestExecutionListener.setUpRequestContextIfNecessary(ServletTestExecutionListener.java:190)
	at org.springframework.test.context.web.ServletTestExecutionListener.prepareTestInstance(ServletTestExecutionListener.java:132)
	at org.springframework.test.context.TestContextManager.prepareTestInstance(TestContextManager.java:244)
	at org.springframework.test.context.junit4.SpringJUnit4ClassRunner.createTest(SpringJUnit4ClassRunner.java:227)
	at org.springframework.test.context.junit4.SpringJUnit4ClassRunner$1.runReflectiveCall(SpringJUnit4ClassRunner.java:289)
	at org.junit.internal.runners.model.ReflectiveCallable.run(ReflectiveCallable.java:12)
	at org.springframework.test.context.junit4.SpringJUnit4ClassRunner.methodBlock(SpringJUnit4ClassRunner.java:291)
	at org.springframework.test.context.junit4.SpringJUnit4ClassRunner.runChild(SpringJUnit4ClassRunner.java:246)
	at org.springframework.test.context.junit4.SpringJUnit4ClassRunner.runChild(SpringJUnit4ClassRunner.java:97)
	at org.junit.runners.ParentRunner$3.run(ParentRunner.java:290)
	at org.junit.runners.ParentRunner$1.schedule(ParentRunner.java:71)
	at org.junit.runners.ParentRunner.runChildren(ParentRunner.java:288)
	at org.junit.runners.ParentRunner.access$000(ParentRunner.java:58)
	at org.junit.runners.ParentRunner$2.evaluate(ParentRunner.java:268)
	at org.springframework.test.context.junit4.statements.RunBeforeTestClassCallbacks.evaluate(RunBeforeTestClassCallbacks.java:61)
	at org.springframework.test.context.junit4.statements.RunAfterTestClassCallbacks.evaluate(RunAfterTestClassCallbacks.java:70)
	at org.junit.runners.ParentRunner.run(ParentRunner.java:363)
	at org.springframework.test.context.junit4.SpringJUnit4ClassRunner.run(SpringJUnit4ClassRunner.java:190)
	at org.junit.runner.JUnitCore.run(JUnitCore.java:137)
	at com.intellij.junit4.JUnit4IdeaTestRunner.startRunnerWithArgs(JUnit4IdeaTestRunner.java:68)
	at com.intellij.rt.execution.junit.IdeaTestRunner$Repeater.startRunnerWithArgs(IdeaTestRunner.java:47)
	at com.intellij.rt.execution.junit.JUnitStarter.prepareStreamsAndStart(JUnitStarter.java:242)
	at com.intellij.rt.execution.junit.JUnitStarter.main(JUnitStarter.java:70)
2021-07-09 19:47:20,906 [main] DEBUG io.netty.util.internal.PlatformDependent0 -<clinit> - java.nio.DirectByteBuffer.<init>(long, int): unavailable (PlatformDependent0.java:386) 
2021-07-09 19:47:20,906 [main] DEBUG io.netty.util.internal.PlatformDependent -unsafeUnavailabilityCause0 - sun.misc.Unsafe: available (PlatformDependent.java:1030) 
2021-07-09 19:47:20,907 [main] DEBUG io.netty.util.internal.PlatformDependent -maxDirectMemory0 - maxDirectMemory: 4294967296 bytes (maybe) (PlatformDependent.java:1130) 
2021-07-09 19:47:20,908 [main] DEBUG io.netty.util.internal.PlatformDependent -tmpdir0 - -Dio.netty.tmpdir: /var/folders/xl/nf9rds_d3r51yzly7w9q4qhc0000gn/T (java.io.tmpdir) (PlatformDependent.java:1149) 
2021-07-09 19:47:20,908 [main] DEBUG io.netty.util.internal.PlatformDependent -bitMode0 - -Dio.netty.bitMode: 64 (sun.arch.data.model) (PlatformDependent.java:1228) 
2021-07-09 19:47:20,909 [main] DEBUG io.netty.util.internal.PlatformDependent -<clinit> - -Dio.netty.maxDirectMemory: -1 bytes (PlatformDependent.java:174) 
2021-07-09 19:47:20,910 [main] DEBUG io.netty.util.internal.PlatformDependent -<clinit> - -Dio.netty.uninitializedArrayAllocationThreshold: -1 (PlatformDependent.java:181) 
2021-07-09 19:47:20,911 [main] DEBUG io.netty.util.internal.CleanerJava9 -<clinit> - java.nio.ByteBuffer.cleaner(): available (CleanerJava9.java:71) 
2021-07-09 19:47:20,911 [main] DEBUG io.netty.util.internal.PlatformDependent -<clinit> - -Dio.netty.noPreferDirect: false (PlatformDependent.java:201) 
2021-07-09 19:47:20,912 [main] DEBUG io.netty.buffer.PooledByteBufAllocator -<clinit> - -Dio.netty.allocator.numHeapArenas: 24 (PooledByteBufAllocator.java:142) 
2021-07-09 19:47:20,912 [main] DEBUG io.netty.buffer.PooledByteBufAllocator -<clinit> - -Dio.netty.allocator.numDirectArenas: 24 (PooledByteBufAllocator.java:143) 
2021-07-09 19:47:20,912 [main] DEBUG io.netty.buffer.PooledByteBufAllocator -<clinit> - -Dio.netty.allocator.pageSize: 8192 (PooledByteBufAllocator.java:145) 
2021-07-09 19:47:20,912 [main] DEBUG io.netty.buffer.PooledByteBufAllocator -<clinit> - -Dio.netty.allocator.maxOrder: 11 (PooledByteBufAllocator.java:150) 
2021-07-09 19:47:20,912 [main] DEBUG io.netty.buffer.PooledByteBufAllocator -<clinit> - -Dio.netty.allocator.chunkSize: 16777216 (PooledByteBufAllocator.java:154) 
2021-07-09 19:47:20,913 [main] DEBUG io.netty.buffer.PooledByteBufAllocator -<clinit> - -Dio.netty.allocator.tinyCacheSize: 512 (PooledByteBufAllocator.java:155) 
2021-07-09 19:47:20,913 [main] DEBUG io.netty.buffer.PooledByteBufAllocator -<clinit> - -Dio.netty.allocator.smallCacheSize: 256 (PooledByteBufAllocator.java:156) 
2021-07-09 19:47:20,913 [main] DEBUG io.netty.buffer.PooledByteBufAllocator -<clinit> - -Dio.netty.allocator.normalCacheSize: 64 (PooledByteBufAllocator.java:157) 
2021-07-09 19:47:20,913 [main] DEBUG io.netty.buffer.PooledByteBufAllocator -<clinit> - -Dio.netty.allocator.maxCachedBufferCapacity: 32768 (PooledByteBufAllocator.java:158) 
2021-07-09 19:47:20,913 [main] DEBUG io.netty.buffer.PooledByteBufAllocator -<clinit> - -Dio.netty.allocator.cacheTrimInterval: 8192 (PooledByteBufAllocator.java:159) 
2021-07-09 19:47:20,914 [main] DEBUG io.netty.buffer.PooledByteBufAllocator -<clinit> - -Dio.netty.allocator.cacheTrimIntervalMillis: 0 (PooledByteBufAllocator.java:160) 
2021-07-09 19:47:20,914 [main] DEBUG io.netty.buffer.PooledByteBufAllocator -<clinit> - -Dio.netty.allocator.useCacheForAllThreads: true (PooledByteBufAllocator.java:161) 
2021-07-09 19:47:20,914 [main] DEBUG io.netty.buffer.PooledByteBufAllocator -<clinit> - -Dio.netty.allocator.maxCachedByteBuffersPerChunk: 1023 (PooledByteBufAllocator.java:162) 
2021-07-09 19:47:20,921 [main] DEBUG io.netty.util.internal.InternalThreadLocalMap -<clinit> - -Dio.netty.threadLocalMap.stringBuilder.initialSize: 1024 (InternalThreadLocalMap.java:54) 
2021-07-09 19:47:20,922 [main] DEBUG io.netty.util.internal.InternalThreadLocalMap -<clinit> - -Dio.netty.threadLocalMap.stringBuilder.maxSize: 4096 (InternalThreadLocalMap.java:57) 
2021-07-09 19:47:20,945 [main] DEBUG io.lettuce.core.resource.DefaultClientResources -<clinit> - -Dio.netty.eventLoopThreads: 12 (DefaultClientResources.java:109) 
2021-07-09 19:47:20,953 [main] DEBUG io.lettuce.core.resource.DefaultEventLoopGroupProvider -createEventLoopGroup - Creating executor io.netty.util.concurrent.DefaultEventExecutorGroup (DefaultEventLoopGroupProvider.java:138) 
2021-07-09 19:47:20,975 [main] DEBUG io.netty.util.ResourceLeakDetectorFactory -newResourceLeakDetector - Loaded default ResourceLeakDetector: io.netty.util.ResourceLeakDetector@21ed4a51 (ResourceLeakDetectorFactory.java:195) 
2021-07-09 19:47:20,984 [main] DEBUG io.netty.util.internal.PlatformDependent -<clinit> - org.jctools-core.MpscChunkedArrayQueue: available (PlatformDependent.java:891) 
2021-07-09 19:47:20,995 [main] DEBUG reactor.util.Loggers$LoggerFactory -debug - Using Slf4j logging framework (Loggers.java:249) 
2021-07-09 19:47:21,880 [main] DEBUG io.micrometer.core.util.internal.logging.InternalLoggerFactory -newDefaultFactory - Using SLF4J as the default logging framework (InternalLoggerFactory.java:61) 
2021-07-09 19:47:22,003 [main] INFO  com.morrie.tutorials.jsds.support.config.WebConfig -addInterceptors - Web request interceptor has initialized. (WebConfig.java:39) 
2021-07-09 19:47:22,008 [main] INFO  com.morrie.tutorials.jsds.support.config.WebConfig -addCorsMappings - CORS Mapping has initialized. (WebConfig.java:46) 
2021-07-09 19:47:22,160 [main] DEBUG io.lettuce.core.resource.DefaultEventLoopGroupProvider -createEventLoopGroup - Creating executor io.netty.util.concurrent.DefaultEventExecutorGroup (DefaultEventLoopGroupProvider.java:138) 
2021-07-09 19:47:22,240 [main] INFO  org.springframework.boot.actuate.endpoint.web.EndpointLinksResolver -<init> - Exposing 2 endpoint(s) beneath base path '/actuator' (EndpointLinksResolver.java:58) 
2021-07-09 19:47:22,869 [main] INFO  org.springframework.scheduling.concurrent.ThreadPoolTaskExecutor -initialize - Initializing ExecutorService 'applicationTaskExecutor' (ExecutorConfigurationSupport.java:181) 
2021-07-09 19:47:23,057 [main] DEBUG io.lettuce.core.resource.DefaultEventLoopGroupProvider -createEventLoopGroup - Creating executor io.netty.util.concurrent.DefaultEventExecutorGroup (DefaultEventLoopGroupProvider.java:138) 
2021-07-09 19:47:23,205 [main] INFO  org.springframework.boot.autoconfigure.h2.H2ConsoleAutoConfiguration -lambda$h2Console$0 - H2 console available at '/jsds-console'. Database available at 'jdbc:h2:mem:jsds' (H2ConsoleAutoConfiguration.java:74) 
2021-07-09 19:47:23,434 [main] DEBUG springfox.bean.validators.plugins.schema.MinMaxAnnotationPlugin -apply - Adding allowable Values: <none> (MinMaxAnnotationPlugin.java:60) 
2021-07-09 19:47:23,435 [main] DEBUG springfox.bean.validators.plugins.schema.MinMaxAnnotationPlugin -apply - Adding numeric element facet : <none> (MinMaxAnnotationPlugin.java:67) 
2021-07-09 19:47:23,442 [main] DEBUG springfox.bean.validators.plugins.schema.MinMaxAnnotationPlugin -apply - Adding allowable Values: <none> (MinMaxAnnotationPlugin.java:60) 
2021-07-09 19:47:23,442 [main] DEBUG springfox.bean.validators.plugins.schema.MinMaxAnnotationPlugin -apply - Adding numeric element facet : <none> (MinMaxAnnotationPlugin.java:67) 
2021-07-09 19:47:23,449 [main] DEBUG springfox.bean.validators.plugins.schema.MinMaxAnnotationPlugin -apply - Adding allowable Values: <none> (MinMaxAnnotationPlugin.java:60) 
2021-07-09 19:47:23,449 [main] DEBUG springfox.bean.validators.plugins.schema.MinMaxAnnotationPlugin -apply - Adding numeric element facet : <none> (MinMaxAnnotationPlugin.java:67) 
2021-07-09 19:47:23,468 [main] DEBUG springfox.bean.validators.plugins.schema.MinMaxAnnotationPlugin -apply - Adding allowable Values: <none> (MinMaxAnnotationPlugin.java:60) 
2021-07-09 19:47:23,468 [main] DEBUG springfox.bean.validators.plugins.schema.MinMaxAnnotationPlugin -apply - Adding numeric element facet : <none> (MinMaxAnnotationPlugin.java:67) 
2021-07-09 19:47:23,469 [main] DEBUG springfox.bean.validators.plugins.schema.MinMaxAnnotationPlugin -apply - Adding allowable Values: <none> (MinMaxAnnotationPlugin.java:60) 
2021-07-09 19:47:23,469 [main] DEBUG springfox.bean.validators.plugins.schema.MinMaxAnnotationPlugin -apply - Adding numeric element facet : <none> (MinMaxAnnotationPlugin.java:67) 
2021-07-09 19:47:23,472 [main] DEBUG springfox.bean.validators.plugins.schema.MinMaxAnnotationPlugin -apply - Adding allowable Values: <none> (MinMaxAnnotationPlugin.java:60) 
2021-07-09 19:47:23,473 [main] DEBUG springfox.bean.validators.plugins.schema.MinMaxAnnotationPlugin -apply - Adding numeric element facet : <none> (MinMaxAnnotationPlugin.java:67) 
2021-07-09 19:47:23,547 [main] DEBUG springfox.bean.validators.plugins.schema.MinMaxAnnotationPlugin -apply - Adding allowable Values: <none> (MinMaxAnnotationPlugin.java:60) 
2021-07-09 19:47:23,547 [main] DEBUG springfox.bean.validators.plugins.schema.MinMaxAnnotationPlugin -apply - Adding numeric element facet : <none> (MinMaxAnnotationPlugin.java:67) 
2021-07-09 19:47:23,547 [main] DEBUG springfox.bean.validators.plugins.schema.MinMaxAnnotationPlugin -apply - Adding allowable Values: <none> (MinMaxAnnotationPlugin.java:60) 
2021-07-09 19:47:23,548 [main] DEBUG springfox.bean.validators.plugins.schema.MinMaxAnnotationPlugin -apply - Adding numeric element facet : <none> (MinMaxAnnotationPlugin.java:67) 
2021-07-09 19:47:23,548 [main] DEBUG springfox.bean.validators.plugins.schema.MinMaxAnnotationPlugin -apply - Adding allowable Values: <none> (MinMaxAnnotationPlugin.java:60) 
2021-07-09 19:47:23,548 [main] DEBUG springfox.bean.validators.plugins.schema.MinMaxAnnotationPlugin -apply - Adding numeric element facet : <none> (MinMaxAnnotationPlugin.java:67) 
2021-07-09 19:47:23,551 [main] DEBUG springfox.bean.validators.plugins.schema.MinMaxAnnotationPlugin -apply - Adding allowable Values: <none> (MinMaxAnnotationPlugin.java:60) 
2021-07-09 19:47:23,552 [main] DEBUG springfox.bean.validators.plugins.schema.MinMaxAnnotationPlugin -apply - Adding numeric element facet : <none> (MinMaxAnnotationPlugin.java:67) 
2021-07-09 19:47:23,552 [main] DEBUG springfox.bean.validators.plugins.schema.MinMaxAnnotationPlugin -apply - Adding allowable Values: <none> (MinMaxAnnotationPlugin.java:60) 
2021-07-09 19:47:23,552 [main] DEBUG springfox.bean.validators.plugins.schema.MinMaxAnnotationPlugin -apply - Adding numeric element facet : <none> (MinMaxAnnotationPlugin.java:67) 
2021-07-09 19:47:23,554 [main] DEBUG springfox.bean.validators.plugins.schema.MinMaxAnnotationPlugin -apply - Adding allowable Values: <none> (MinMaxAnnotationPlugin.java:60) 
2021-07-09 19:47:23,555 [main] DEBUG springfox.bean.validators.plugins.schema.MinMaxAnnotationPlugin -apply - Adding numeric element facet : <none> (MinMaxAnnotationPlugin.java:67) 
2021-07-09 19:47:23,555 [main] DEBUG springfox.bean.validators.plugins.schema.MinMaxAnnotationPlugin -apply - Adding allowable Values: <none> (MinMaxAnnotationPlugin.java:60) 
2021-07-09 19:47:23,555 [main] DEBUG springfox.bean.validators.plugins.schema.MinMaxAnnotationPlugin -apply - Adding numeric element facet : <none> (MinMaxAnnotationPlugin.java:67) 
2021-07-09 19:47:23,556 [main] DEBUG springfox.bean.validators.plugins.schema.MinMaxAnnotationPlugin -apply - Adding allowable Values: <none> (MinMaxAnnotationPlugin.java:60) 
2021-07-09 19:47:23,556 [main] DEBUG springfox.bean.validators.plugins.schema.MinMaxAnnotationPlugin -apply - Adding numeric element facet : <none> (MinMaxAnnotationPlugin.java:67) 
2021-07-09 19:47:23,557 [main] DEBUG springfox.bean.validators.plugins.schema.MinMaxAnnotationPlugin -apply - Adding allowable Values: <none> (MinMaxAnnotationPlugin.java:60) 
2021-07-09 19:47:23,557 [main] DEBUG springfox.bean.validators.plugins.schema.MinMaxAnnotationPlugin -apply - Adding numeric element facet : <none> (MinMaxAnnotationPlugin.java:67) 
2021-07-09 19:47:23,558 [main] DEBUG springfox.bean.validators.plugins.schema.MinMaxAnnotationPlugin -apply - Adding allowable Values: <none> (MinMaxAnnotationPlugin.java:60) 
2021-07-09 19:47:23,558 [main] DEBUG springfox.bean.validators.plugins.schema.MinMaxAnnotationPlugin -apply - Adding numeric element facet : <none> (MinMaxAnnotationPlugin.java:67) 
2021-07-09 19:47:23,570 [main] DEBUG springfox.bean.validators.plugins.parameter.SizeAnnotationPlugin -apply - searching for @size: false (SizeAnnotationPlugin.java:53) 
2021-07-09 19:47:23,572 [main] DEBUG Validator -lambda$logProblems$1 - ERROR [ModelSpecification.spec] At least one type of specification is required (NoopValidator.java:24) 
2021-07-09 19:47:23,588 [main] DEBUG springfox.bean.validators.plugins.schema.MinMaxAnnotationPlugin -apply - Adding allowable Values: <none> (MinMaxAnnotationPlugin.java:60) 
2021-07-09 19:47:23,589 [main] DEBUG springfox.bean.validators.plugins.schema.MinMaxAnnotationPlugin -apply - Adding numeric element facet : <none> (MinMaxAnnotationPlugin.java:67) 
2021-07-09 19:47:23,589 [main] DEBUG springfox.bean.validators.plugins.schema.MinMaxAnnotationPlugin -apply - Adding allowable Values: <none> (MinMaxAnnotationPlugin.java:60) 
2021-07-09 19:47:23,589 [main] DEBUG springfox.bean.validators.plugins.schema.MinMaxAnnotationPlugin -apply - Adding numeric element facet : <none> (MinMaxAnnotationPlugin.java:67) 
2021-07-09 19:47:23,592 [main] DEBUG springfox.bean.validators.plugins.schema.MinMaxAnnotationPlugin -apply - Adding allowable Values: <none> (MinMaxAnnotationPlugin.java:60) 
2021-07-09 19:47:23,592 [main] DEBUG springfox.bean.validators.plugins.schema.MinMaxAnnotationPlugin -apply - Adding numeric element facet : <none> (MinMaxAnnotationPlugin.java:67) 
2021-07-09 19:47:23,593 [main] DEBUG springfox.bean.validators.plugins.schema.MinMaxAnnotationPlugin -apply - Adding allowable Values: <none> (MinMaxAnnotationPlugin.java:60) 
2021-07-09 19:47:23,594 [main] DEBUG springfox.bean.validators.plugins.schema.MinMaxAnnotationPlugin -apply - Adding numeric element facet : <none> (MinMaxAnnotationPlugin.java:67) 
2021-07-09 19:47:23,596 [main] DEBUG springfox.bean.validators.plugins.parameter.SizeAnnotationPlugin -apply - searching for @size: false (SizeAnnotationPlugin.java:53) 
2021-07-09 19:47:23,619 [main] INFO  com.morrie.tutorials.jsds.user.service.UserPointServiceTest -logStarted - Started UserPointServiceTest in 7.469 seconds (JVM running for 8.797) (StartupInfoLogger.java:61) 
2021-07-09 19:47:24,049 [main] DEBUG io.lettuce.core.RedisClient -connectStandaloneAsync - Trying to get a Redis connection for: RedisURI [host='localhost', port=6379] (RedisClient.java:264) 
2021-07-09 19:47:24,194 [main] INFO  io.lettuce.core.EpollProvider -<clinit> - Starting without optional epoll library (EpollProvider.java:68) 
2021-07-09 19:47:24,196 [main] INFO  io.lettuce.core.KqueueProvider -<clinit> - Starting without optional kqueue library (KqueueProvider.java:70) 
2021-07-09 19:47:24,198 [main] DEBUG io.lettuce.core.resource.DefaultEventLoopGroupProvider -allocate - Allocating executor io.netty.channel.nio.NioEventLoopGroup (DefaultEventLoopGroupProvider.java:64) 
2021-07-09 19:47:24,199 [main] DEBUG io.lettuce.core.resource.DefaultEventLoopGroupProvider -createEventLoopGroup - Creating executor io.netty.channel.nio.NioEventLoopGroup (DefaultEventLoopGroupProvider.java:138) 
2021-07-09 19:47:24,201 [main] DEBUG io.netty.channel.MultithreadEventLoopGroup -<clinit> - -Dio.netty.eventLoopThreads: 24 (MultithreadEventLoopGroup.java:44) 
2021-07-09 19:47:24,209 [main] DEBUG io.netty.channel.nio.NioEventLoop -<clinit> - -Dio.netty.noKeySetOptimization: false (NioEventLoop.java:106) 
2021-07-09 19:47:24,209 [main] DEBUG io.netty.channel.nio.NioEventLoop -<clinit> - -Dio.netty.selectorAutoRebuildThreshold: 512 (NioEventLoop.java:107) 
2021-07-09 19:47:24,220 [main] DEBUG io.lettuce.core.resource.DefaultEventLoopGroupProvider -addReference - Adding reference to io.netty.channel.nio.NioEventLoopGroup@6c418f0b, existing ref count 0 (DefaultEventLoopGroupProvider.java:77) 
2021-07-09 19:47:24,244 [main] DEBUG io.lettuce.core.RedisClient -lambda$getSocketAddressSupplier$19 - Resolved SocketAddress localhost:6379 using RedisURI [host='localhost', port=6379] (RedisClient.java:772) 
2021-07-09 19:47:24,245 [main] DEBUG io.lettuce.core.RedisClient -initializeChannelAsync0 - Connecting to Redis at localhost:6379 (AbstractRedisClient.java:304) 
2021-07-09 19:47:24,263 [main] DEBUG io.netty.channel.DefaultChannelId -<clinit> - -Dio.netty.processId: 30729 (auto-detected) (DefaultChannelId.java:79) 
2021-07-09 19:47:24,266 [main] DEBUG io.netty.util.NetUtil -<clinit> - -Djava.net.preferIPv4Stack: false (NetUtil.java:139) 
2021-07-09 19:47:24,267 [main] DEBUG io.netty.util.NetUtil -<clinit> - -Djava.net.preferIPv6Addresses: false (NetUtil.java:140) 
2021-07-09 19:47:24,269 [main] DEBUG io.netty.util.NetUtil -<clinit> - Loopback interface: lo0 (lo0, 0:0:0:0:0:0:0:1%lo0) (NetUtil.java:224) 
2021-07-09 19:47:24,270 [main] DEBUG io.netty.util.NetUtil -run - Failed to get SOMAXCONN from sysctl and file /proc/sys/net/core/somaxconn. Default: 128 (NetUtil.java:289) 
2021-07-09 19:47:24,274 [main] DEBUG io.netty.channel.DefaultChannelId -<clinit> - -Dio.netty.machineId: ac:de:48:ff:fe:00:11:22 (auto-detected) (DefaultChannelId.java:101) 
2021-07-09 19:47:24,309 [main] DEBUG io.netty.buffer.ByteBufUtil -<clinit> - -Dio.netty.allocator.type: pooled (ByteBufUtil.java:86) 
2021-07-09 19:47:24,310 [main] DEBUG io.netty.buffer.ByteBufUtil -<clinit> - -Dio.netty.threadLocalDirectBufferSize: 0 (ByteBufUtil.java:95) 
2021-07-09 19:47:24,310 [main] DEBUG io.netty.buffer.ByteBufUtil -<clinit> - -Dio.netty.maxThreadLocalCharBufferSize: 16384 (ByteBufUtil.java:98) 
2021-07-09 19:47:24,350 [lettuce-nioEventLoop-8-1] DEBUG io.netty.util.Recycler -<clinit> - -Dio.netty.recycler.maxCapacityPerThread: 4096 (Recycler.java:97) 
2021-07-09 19:47:24,351 [lettuce-nioEventLoop-8-1] DEBUG io.netty.util.Recycler -<clinit> - -Dio.netty.recycler.maxSharedCapacityFactor: 2 (Recycler.java:98) 
2021-07-09 19:47:24,352 [lettuce-nioEventLoop-8-1] DEBUG io.netty.util.Recycler -<clinit> - -Dio.netty.recycler.linkCapacity: 16 (Recycler.java:99) 
2021-07-09 19:47:24,352 [lettuce-nioEventLoop-8-1] DEBUG io.netty.util.Recycler -<clinit> - -Dio.netty.recycler.ratio: 8 (Recycler.java:100) 
2021-07-09 19:47:24,364 [lettuce-nioEventLoop-8-1] DEBUG io.netty.buffer.AbstractByteBuf -<clinit> - -Dio.netty.buffer.checkAccessible: true (AbstractByteBuf.java:63) 
2021-07-09 19:47:24,365 [lettuce-nioEventLoop-8-1] DEBUG io.netty.buffer.AbstractByteBuf -<clinit> - -Dio.netty.buffer.checkBounds: true (AbstractByteBuf.java:64) 
2021-07-09 19:47:24,365 [lettuce-nioEventLoop-8-1] DEBUG io.netty.util.ResourceLeakDetectorFactory -newResourceLeakDetector - Loaded default ResourceLeakDetector: io.netty.util.ResourceLeakDetector@2c7e1c45 (ResourceLeakDetectorFactory.java:195) 
2021-07-09 19:47:24,406 [lettuce-nioEventLoop-8-1] DEBUG io.lettuce.core.protocol.CommandHandler -channelRegistered - [channel=0x7e39e364, [id: 0x3ac8dd42] (inactive), chid=0x1] channelRegistered() (CommandHandler.java:162) 
2021-07-09 19:47:24,418 [lettuce-nioEventLoop-8-1] DEBUG io.lettuce.core.protocol.CommandHandler -channelActive - [channel=0x7e39e364, /127.0.0.1:53129 -> localhost/127.0.0.1:6379, chid=0x1] channelActive() (CommandHandler.java:271) 
2021-07-09 19:47:24,420 [lettuce-nioEventLoop-8-1] DEBUG io.lettuce.core.protocol.DefaultEndpoint -lambda$notifyChannelActive$0 - [channel=0x7e39e364, /127.0.0.1:53129 -> localhost/127.0.0.1:6379, epid=0x1] activateEndpointAndExecuteBufferedCommands 0 command(s) buffered (DefaultEndpoint.java:371) 
2021-07-09 19:47:24,420 [lettuce-nioEventLoop-8-1] DEBUG io.lettuce.core.protocol.DefaultEndpoint -lambda$notifyChannelActive$0 - [channel=0x7e39e364, /127.0.0.1:53129 -> localhost/127.0.0.1:6379, epid=0x1] activating endpoint (DefaultEndpoint.java:376) 
2021-07-09 19:47:24,420 [lettuce-nioEventLoop-8-1] DEBUG io.lettuce.core.protocol.DefaultEndpoint -flushCommands - [channel=0x7e39e364, /127.0.0.1:53129 -> localhost/127.0.0.1:6379, epid=0x1] flushCommands() (DefaultEndpoint.java:453) 
2021-07-09 19:47:24,421 [lettuce-nioEventLoop-8-1] DEBUG io.lettuce.core.protocol.DefaultEndpoint -flushCommands - [channel=0x7e39e364, /127.0.0.1:53129 -> localhost/127.0.0.1:6379, epid=0x1] flushCommands() Flushing 0 commands (DefaultEndpoint.java:468) 
2021-07-09 19:47:24,421 [lettuce-nioEventLoop-8-1] DEBUG io.lettuce.core.protocol.ConnectionWatchdog -channelActive - [channel=0x7e39e364, /127.0.0.1:53129 -> localhost/127.0.0.1:6379, last known addr=localhost/127.0.0.1:6379] channelActive() (ConnectionWatchdog.java:166) 
2021-07-09 19:47:24,421 [lettuce-nioEventLoop-8-1] DEBUG io.lettuce.core.protocol.CommandHandler -channelActive - [channel=0x7e39e364, /127.0.0.1:53129 -> localhost/127.0.0.1:6379, chid=0x1] channelActive() done (CommandHandler.java:285) 
2021-07-09 19:47:24,422 [lettuce-nioEventLoop-8-1] DEBUG io.lettuce.core.RedisClient -lambda$null$3 - Connecting to Redis at localhost:6379: Success (AbstractRedisClient.java:337) 
2021-07-09 19:47:24,425 [lettuce-nioEventLoop-8-1] DEBUG io.lettuce.core.protocol.ConnectionWatchdog -userEventTriggered - [channel=0x7e39e364, /127.0.0.1:53129 -> localhost/127.0.0.1:6379, last known addr=localhost/127.0.0.1:6379] userEventTriggered(ctx, io.lettuce.core.ConnectionEvents$Activated@10d65c05) (ConnectionWatchdog.java:134) 
2021-07-09 19:47:24,469 [main] DEBUG io.lettuce.core.RedisChannelHandler -dispatch - dispatching command AsyncCommand [type=DEL, output=IntegerOutput [output=null, error='null'], commandType=io.lettuce.core.protocol.Command] (RedisChannelHandler.java:171) 
2021-07-09 19:47:24,470 [main] DEBUG io.lettuce.core.protocol.DefaultEndpoint -channelWriteAndFlush - [channel=0x7e39e364, /127.0.0.1:53129 -> localhost/127.0.0.1:6379, epid=0x1] write() writeAndFlush command AsyncCommand [type=DEL, output=IntegerOutput [output=null, error='null'], commandType=io.lettuce.core.protocol.Command] (DefaultEndpoint.java:339) 
2021-07-09 19:47:24,473 [lettuce-nioEventLoop-8-1] DEBUG io.lettuce.core.protocol.CommandHandler -write - [channel=0x7e39e364, /127.0.0.1:53129 -> localhost/127.0.0.1:6379, chid=0x1] write(ctx, AsyncCommand [type=DEL, output=IntegerOutput [output=null, error='null'], commandType=io.lettuce.core.protocol.Command], promise) (CommandHandler.java:349) 
2021-07-09 19:47:24,473 [main] DEBUG io.lettuce.core.protocol.DefaultEndpoint -write - [channel=0x7e39e364, /127.0.0.1:53129 -> localhost/127.0.0.1:6379, epid=0x1] write() done (DefaultEndpoint.java:153) 
2021-07-09 19:47:24,478 [lettuce-nioEventLoop-8-1] DEBUG io.lettuce.core.protocol.CommandEncoder -encode - [channel=0x7e39e364, /127.0.0.1:53129 -> localhost/127.0.0.1:6379] writing command AsyncCommand [type=DEL, output=IntegerOutput [output=null, error='null'], commandType=io.lettuce.core.protocol.Command] (CommandEncoder.java:100) 
2021-07-09 19:47:24,484 [lettuce-nioEventLoop-8-1] DEBUG io.lettuce.core.protocol.CommandHandler -channelRead - [channel=0x7e39e364, /127.0.0.1:53129 -> localhost/127.0.0.1:6379, chid=0x1] Received: 4 bytes, 1 commands in the stack (CommandHandler.java:544) 
2021-07-09 19:47:24,484 [lettuce-nioEventLoop-8-1] DEBUG io.lettuce.core.protocol.CommandHandler -decode - [channel=0x7e39e364, /127.0.0.1:53129 -> localhost/127.0.0.1:6379, chid=0x1] Stack contains: 1 commands (CommandHandler.java:590) 
2021-07-09 19:47:24,484 [lettuce-nioEventLoop-8-1] DEBUG io.lettuce.core.protocol.RedisStateMachine -decode - Decode LatencyMeteredCommand [type=DEL, output=IntegerOutput [output=null, error='null'], commandType=io.lettuce.core.protocol.AsyncCommand] (RedisStateMachine.java:94) 
2021-07-09 19:47:24,487 [lettuce-nioEventLoop-8-1] DEBUG io.lettuce.core.protocol.RedisStateMachine -decode - Decoded LatencyMeteredCommand [type=DEL, output=IntegerOutput [output=0, error='null'], commandType=io.lettuce.core.protocol.AsyncCommand], empty stack: true (RedisStateMachine.java:191) 
2021-07-09 19:47:24,503 [main] DEBUG io.lettuce.core.RedisChannelHandler -dispatch - dispatching command AsyncCommand [type=HMSET, output=StatusOutput [output=null, error='null'], commandType=io.lettuce.core.protocol.Command] (RedisChannelHandler.java:171) 
2021-07-09 19:47:24,504 [main] DEBUG io.lettuce.core.protocol.DefaultEndpoint -channelWriteAndFlush - [channel=0x7e39e364, /127.0.0.1:53129 -> localhost/127.0.0.1:6379, epid=0x1] write() writeAndFlush command AsyncCommand [type=HMSET, output=StatusOutput [output=null, error='null'], commandType=io.lettuce.core.protocol.Command] (DefaultEndpoint.java:339) 
2021-07-09 19:47:24,504 [lettuce-nioEventLoop-8-1] DEBUG io.lettuce.core.protocol.CommandHandler -write - [channel=0x7e39e364, /127.0.0.1:53129 -> localhost/127.0.0.1:6379, chid=0x1] write(ctx, AsyncCommand [type=HMSET, output=StatusOutput [output=null, error='null'], commandType=io.lettuce.core.protocol.Command], promise) (CommandHandler.java:349) 
2021-07-09 19:47:24,504 [main] DEBUG io.lettuce.core.protocol.DefaultEndpoint -write - [channel=0x7e39e364, /127.0.0.1:53129 -> localhost/127.0.0.1:6379, epid=0x1] write() done (DefaultEndpoint.java:153) 
2021-07-09 19:47:24,505 [lettuce-nioEventLoop-8-1] DEBUG io.lettuce.core.protocol.CommandEncoder -encode - [channel=0x7e39e364, /127.0.0.1:53129 -> localhost/127.0.0.1:6379] writing command AsyncCommand [type=HMSET, output=StatusOutput [output=null, error='null'], commandType=io.lettuce.core.protocol.Command] (CommandEncoder.java:100) 
2021-07-09 19:47:24,507 [lettuce-nioEventLoop-8-1] DEBUG io.lettuce.core.protocol.CommandHandler -channelRead - [channel=0x7e39e364, /127.0.0.1:53129 -> localhost/127.0.0.1:6379, chid=0x1] Received: 5 bytes, 1 commands in the stack (CommandHandler.java:544) 
2021-07-09 19:47:24,507 [lettuce-nioEventLoop-8-1] DEBUG io.lettuce.core.protocol.CommandHandler -decode - [channel=0x7e39e364, /127.0.0.1:53129 -> localhost/127.0.0.1:6379, chid=0x1] Stack contains: 1 commands (CommandHandler.java:590) 
2021-07-09 19:47:24,507 [lettuce-nioEventLoop-8-1] DEBUG io.lettuce.core.protocol.RedisStateMachine -decode - Decode LatencyMeteredCommand [type=HMSET, output=StatusOutput [output=null, error='null'], commandType=io.lettuce.core.protocol.AsyncCommand] (RedisStateMachine.java:94) 
2021-07-09 19:47:24,508 [lettuce-nioEventLoop-8-1] DEBUG io.lettuce.core.protocol.RedisStateMachine -decode - Decoded LatencyMeteredCommand [type=HMSET, output=StatusOutput [output=OK, error='null'], commandType=io.lettuce.core.protocol.AsyncCommand], empty stack: true (RedisStateMachine.java:191) 
2021-07-09 19:47:24,512 [main] DEBUG io.lettuce.core.RedisChannelHandler -dispatch - dispatching command AsyncCommand [type=SADD, output=IntegerOutput [output=null, error='null'], commandType=io.lettuce.core.protocol.Command] (RedisChannelHandler.java:171) 
2021-07-09 19:47:24,513 [main] DEBUG io.lettuce.core.protocol.DefaultEndpoint -channelWriteAndFlush - [channel=0x7e39e364, /127.0.0.1:53129 -> localhost/127.0.0.1:6379, epid=0x1] write() writeAndFlush command AsyncCommand [type=SADD, output=IntegerOutput [output=null, error='null'], commandType=io.lettuce.core.protocol.Command] (DefaultEndpoint.java:339) 
2021-07-09 19:47:24,513 [main] DEBUG io.lettuce.core.protocol.DefaultEndpoint -write - [channel=0x7e39e364, /127.0.0.1:53129 -> localhost/127.0.0.1:6379, epid=0x1] write() done (DefaultEndpoint.java:153) 
2021-07-09 19:47:24,513 [lettuce-nioEventLoop-8-1] DEBUG io.lettuce.core.protocol.CommandHandler -write - [channel=0x7e39e364, /127.0.0.1:53129 -> localhost/127.0.0.1:6379, chid=0x1] write(ctx, AsyncCommand [type=SADD, output=IntegerOutput [output=null, error='null'], commandType=io.lettuce.core.protocol.Command], promise) (CommandHandler.java:349) 
2021-07-09 19:47:24,514 [lettuce-nioEventLoop-8-1] DEBUG io.lettuce.core.protocol.CommandEncoder -encode - [channel=0x7e39e364, /127.0.0.1:53129 -> localhost/127.0.0.1:6379] writing command AsyncCommand [type=SADD, output=IntegerOutput [output=null, error='null'], commandType=io.lettuce.core.protocol.Command] (CommandEncoder.java:100) 
2021-07-09 19:47:24,515 [lettuce-nioEventLoop-8-1] DEBUG io.lettuce.core.protocol.CommandHandler -channelRead - [channel=0x7e39e364, /127.0.0.1:53129 -> localhost/127.0.0.1:6379, chid=0x1] Received: 4 bytes, 1 commands in the stack (CommandHandler.java:544) 
2021-07-09 19:47:24,515 [lettuce-nioEventLoop-8-1] DEBUG io.lettuce.core.protocol.CommandHandler -decode - [channel=0x7e39e364, /127.0.0.1:53129 -> localhost/127.0.0.1:6379, chid=0x1] Stack contains: 1 commands (CommandHandler.java:590) 
2021-07-09 19:47:24,515 [lettuce-nioEventLoop-8-1] DEBUG io.lettuce.core.protocol.RedisStateMachine -decode - Decode LatencyMeteredCommand [type=SADD, output=IntegerOutput [output=null, error='null'], commandType=io.lettuce.core.protocol.AsyncCommand] (RedisStateMachine.java:94) 
2021-07-09 19:47:24,515 [lettuce-nioEventLoop-8-1] DEBUG io.lettuce.core.protocol.RedisStateMachine -decode - Decoded LatencyMeteredCommand [type=SADD, output=IntegerOutput [output=1, error='null'], commandType=io.lettuce.core.protocol.AsyncCommand], empty stack: true (RedisStateMachine.java:191) 
2021-07-09 19:47:24,522 [main] DEBUG io.lettuce.core.RedisChannelHandler -dispatch - dispatching command AsyncCommand [type=HGETALL, output=MapOutput [output=null, error='null'], commandType=io.lettuce.core.protocol.Command] (RedisChannelHandler.java:171) 
2021-07-09 19:47:24,523 [main] DEBUG io.lettuce.core.protocol.DefaultEndpoint -channelWriteAndFlush - [channel=0x7e39e364, /127.0.0.1:53129 -> localhost/127.0.0.1:6379, epid=0x1] write() writeAndFlush command AsyncCommand [type=HGETALL, output=MapOutput [output=null, error='null'], commandType=io.lettuce.core.protocol.Command] (DefaultEndpoint.java:339) 
2021-07-09 19:47:24,523 [lettuce-nioEventLoop-8-1] DEBUG io.lettuce.core.protocol.CommandHandler -write - [channel=0x7e39e364, /127.0.0.1:53129 -> localhost/127.0.0.1:6379, chid=0x1] write(ctx, AsyncCommand [type=HGETALL, output=MapOutput [output=null, error='null'], commandType=io.lettuce.core.protocol.Command], promise) (CommandHandler.java:349) 
2021-07-09 19:47:24,523 [main] DEBUG io.lettuce.core.protocol.DefaultEndpoint -write - [channel=0x7e39e364, /127.0.0.1:53129 -> localhost/127.0.0.1:6379, epid=0x1] write() done (DefaultEndpoint.java:153) 
2021-07-09 19:47:24,524 [lettuce-nioEventLoop-8-1] DEBUG io.lettuce.core.protocol.CommandEncoder -encode - [channel=0x7e39e364, /127.0.0.1:53129 -> localhost/127.0.0.1:6379] writing command AsyncCommand [type=HGETALL, output=MapOutput [output=null, error='null'], commandType=io.lettuce.core.protocol.Command] (CommandEncoder.java:100) 
2021-07-09 19:47:24,525 [lettuce-nioEventLoop-8-1] DEBUG io.lettuce.core.protocol.CommandHandler -channelRead - [channel=0x7e39e364, /127.0.0.1:53129 -> localhost/127.0.0.1:6379, chid=0x1] Received: 164 bytes, 1 commands in the stack (CommandHandler.java:544) 
2021-07-09 19:47:24,525 [lettuce-nioEventLoop-8-1] DEBUG io.lettuce.core.protocol.CommandHandler -decode - [channel=0x7e39e364, /127.0.0.1:53129 -> localhost/127.0.0.1:6379, chid=0x1] Stack contains: 1 commands (CommandHandler.java:590) 
2021-07-09 19:47:24,525 [lettuce-nioEventLoop-8-1] DEBUG io.lettuce.core.protocol.RedisStateMachine -decode - Decode LatencyMeteredCommand [type=HGETALL, output=MapOutput [output=null, error='null'], commandType=io.lettuce.core.protocol.AsyncCommand] (RedisStateMachine.java:94) 
2021-07-09 19:47:24,526 [lettuce-nioEventLoop-8-1] DEBUG io.lettuce.core.protocol.RedisStateMachine -decode - Decoded LatencyMeteredCommand [type=HGETALL, output=MapOutput [output={[B@56d4806f=[B@3254b938, [B@e58499=[B@1e3932a7, [B@3ee7f787=[B@1fe3b528, [B@40718ea1=[B@53ab34f3}, error='null'], commandType=io.lettuce.core.protocol.AsyncCommand], empty stack: true (RedisStateMachine.java:191) 
2021-07-09 19:47:24,538 [main] DEBUG com.morrie.tutorials.jsds.user.service.UserPointServiceTest -test_save_and_find_userPoint - [register_and_search_userPoint] savedUserPoint id : testUserService1, amount : 1000, refreshTime : 2020-03-09T00:00 (UserPointServiceTest.java:45) 
2021-07-09 19:47:24,639 [SpringContextShutdownHook] DEBUG io.lettuce.core.resource.DefaultClientResources -shutdown - Initiate shutdown (0, 2, SECONDS) (DefaultClientResources.java:601) 
2021-07-09 19:47:24,640 [SpringContextShutdownHook] DEBUG io.lettuce.core.resource.DefaultEventLoopGroupProvider -shutdown - Initiate shutdown (0, 2, SECONDS) (DefaultEventLoopGroupProvider.java:202) 
2021-07-09 19:47:24,651 [SpringContextShutdownHook] INFO  org.springframework.scheduling.concurrent.ThreadPoolTaskExecutor -shutdown - Shutting down ExecutorService 'applicationTaskExecutor' (ExecutorConfigurationSupport.java:218) 
2021-07-09 19:47:24,653 [SpringContextShutdownHook] DEBUG io.lettuce.core.RedisClient -shutdownAsync - Initiate shutdown (100, 100, MILLISECONDS) (AbstractRedisClient.java:451) 
2021-07-09 19:47:24,661 [SpringContextShutdownHook] DEBUG io.lettuce.core.resource.DefaultClientResources -shutdown - Initiate shutdown (100, 100, MILLISECONDS) (DefaultClientResources.java:601) 
2021-07-09 19:47:24,661 [SpringContextShutdownHook] DEBUG io.lettuce.core.resource.DefaultEventLoopGroupProvider -shutdown - Initiate shutdown (100, 100, MILLISECONDS) (DefaultEventLoopGroupProvider.java:202) 
2021-07-09 19:47:24,785 [SpringContextShutdownHook] DEBUG io.lettuce.core.RedisChannelHandler -closeAsync - closeAsync() (RedisChannelHandler.java:137) 
2021-07-09 19:47:24,786 [SpringContextShutdownHook] DEBUG io.lettuce.core.protocol.DefaultEndpoint -closeAsync - [channel=0x7e39e364, /127.0.0.1:53129 -> localhost/127.0.0.1:6379, epid=0x1] closeAsync() (DefaultEndpoint.java:494) 
2021-07-09 19:47:24,791 [SpringContextShutdownHook] DEBUG io.lettuce.core.RedisClient -shutdownAsync - Initiate shutdown (100, 100, MILLISECONDS) (AbstractRedisClient.java:451) 
2021-07-09 19:47:24,791 [SpringContextShutdownHook] DEBUG io.lettuce.core.resource.DefaultClientResources -shutdown - Initiate shutdown (100, 100, MILLISECONDS) (DefaultClientResources.java:601) 
2021-07-09 19:47:24,792 [SpringContextShutdownHook] DEBUG io.lettuce.core.resource.DefaultEventLoopGroupProvider -shutdown - Initiate shutdown (100, 100, MILLISECONDS) (DefaultEventLoopGroupProvider.java:202) 
2021-07-09 19:47:24,792 [lettuce-nioEventLoop-8-1] DEBUG io.lettuce.core.protocol.CommandHandler -channelInactive - [channel=0x7e39e364, /127.0.0.1:53129 -> localhost/127.0.0.1:6379, chid=0x1] channelInactive() (CommandHandler.java:308) 
2021-07-09 19:47:24,792 [SpringContextShutdownHook] DEBUG io.lettuce.core.resource.DefaultEventLoopGroupProvider -release - Release executor io.netty.channel.nio.NioEventLoopGroup@6c418f0b (DefaultEventLoopGroupProvider.java:162) 
2021-07-09 19:47:24,793 [lettuce-nioEventLoop-8-1] DEBUG io.lettuce.core.protocol.DefaultEndpoint -lambda$notifyChannelInactive$2 - [channel=0x7e39e364, /127.0.0.1:53129 -> localhost/127.0.0.1:6379, epid=0x1] deactivating endpoint handler (DefaultEndpoint.java:408) 
2021-07-09 19:47:24,795 [lettuce-nioEventLoop-8-1] DEBUG io.lettuce.core.protocol.CommandHandler -channelInactive - [channel=0x7e39e364, /127.0.0.1:53129 -> localhost/127.0.0.1:6379, chid=0x1] channelInactive() done (CommandHandler.java:334) 
2021-07-09 19:47:24,795 [lettuce-nioEventLoop-8-1] DEBUG io.lettuce.core.protocol.ConnectionWatchdog -channelInactive - [channel=0x7e39e364, /127.0.0.1:53129 -> localhost/127.0.0.1:6379, last known addr=localhost/127.0.0.1:6379] channelInactive() (ConnectionWatchdog.java:174) 
2021-07-09 19:47:24,796 [lettuce-nioEventLoop-8-1] DEBUG io.lettuce.core.protocol.ConnectionWatchdog -channelInactive - [channel=0x7e39e364, /127.0.0.1:53129 -> localhost/127.0.0.1:6379, last known addr=localhost/127.0.0.1:6379] Reconnect scheduling disabled (ConnectionWatchdog.java:185) 
2021-07-09 19:47:24,796 [lettuce-nioEventLoop-8-1] DEBUG io.lettuce.core.protocol.CommandHandler -channelUnregistered - [channel=0x7e39e364, /127.0.0.1:53129 -> localhost/127.0.0.1:6379, chid=0x1] channelUnregistered() (CommandHandler.java:178) 
2021-07-09 19:47:24,900 [lettuce-nioEventLoop-8-1] DEBUG io.netty.buffer.PoolThreadCache -free - Freed 7 thread-local buffer(s) from thread: lettuce-nioEventLoop-8-1 (PoolThreadCache.java:250) 
2021-07-09 19:47:24,941 [SpringContextShutdownHook] INFO  org.springframework.orm.jpa.LocalContainerEntityManagerFactoryBean -destroy - Closing JPA EntityManagerFactory for persistence unit 'default' (AbstractEntityManagerFactoryBean.java:598) 
2021-07-09 19:47:24,941 [SpringContextShutdownHook] INFO  org.hibernate.tool.schema.internal.SchemaDropperImpl$DelayedDropActionImpl -perform - HHH000477: Starting delayed evictData of schema as part of SessionFactory shut-down' (SchemaDropperImpl.java:524) 
2021-07-09 19:47:24,944 [SpringContextShutdownHook] INFO  com.zaxxer.hikari.HikariDataSource -close - HikariPool-1 - Shutdown initiated... (HikariDataSource.java:350) 
2021-07-09 19:47:24,948 [SpringContextShutdownHook] INFO  com.zaxxer.hikari.HikariDataSource -close - HikariPool-1 - Shutdown completed. (HikariDataSource.java:352) 
